This is pdfTeX, Version 3.14159265-2.6-1.40.21 (MiKTeX 2.9.7300 64-bit) (preloaded format=pdflatex 2020.3.19)  18 AUG 2020 12:10
entering extended mode
**./main.tex
(main.tex
LaTeX2e <2020-02-02> patch level 5
L3 programming layer <2020-03-06>
("C:\Users\lecou\AppData\Local\Programs\MiKTeX 2.9\tex/latex/base\book.cls"
Document Class: book 2019/12/20 v1.4l Standard LaTeX document class
("C:\Users\lecou\AppData\Local\Programs\MiKTeX 2.9\tex/latex/base\bk11.clo"
File: bk11.clo 2019/12/20 v1.4l Standard LaTeX file (size option)
)
\c@part=\count167
\c@chapter=\count168
\c@section=\count169
\c@subsection=\count170
\c@subsubsection=\count171
\c@paragraph=\count172
\c@subparagraph=\count173
\c@figure=\count174
\c@table=\count175
\abovecaptionskip=\skip47
\belowcaptionskip=\skip48
\bibindent=\dimen134
)
(structure.tex
("C:\Users\lecou\AppData\Local\Programs\MiKTeX 2.9\tex/latex/geometry\geometry.
sty"
Package: geometry 2020/01/02 v5.9 Page Geometry

("C:\Users\lecou\AppData\Local\Programs\MiKTeX 2.9\tex/latex/graphics\keyval.st
y"
Package: keyval 2014/10/28 v1.15 key=value parser (DPC)
\KV@toks@=\toks15
)
("C:\Users\lecou\AppData\Local\Programs\MiKTeX 2.9\tex/generic/iftex\ifvtex.sty
"
Package: ifvtex 2019/10/25 v1.7 ifvtex legacy package. Use iftex instead.
 ("C:\Users\lecou\AppData\Local\Programs\MiKTeX 2.9\tex/generic/iftex\iftex.sty
"
Package: iftex 2020/03/06 v1.0d TeX engine tests
))
\Gm@cnth=\count176
\Gm@cntv=\count177
\c@Gm@tempcnt=\count178
\Gm@bindingoffset=\dimen135
\Gm@wd@mp=\dimen136
\Gm@odd@mp=\dimen137
\Gm@even@mp=\dimen138
\Gm@layoutwidth=\dimen139
\Gm@layoutheight=\dimen140
\Gm@layouthoffset=\dimen141
\Gm@layoutvoffset=\dimen142
\Gm@dimlist=\toks16

("C:\Users\lecou\AppData\Local\Programs\MiKTeX 2.9\tex/latex/geometry\geometry.
cfg"))
("C:\Users\lecou\AppData\Local\Programs\MiKTeX 2.9\tex/latex/graphics\graphicx.
sty"
Package: graphicx 2019/11/30 v1.2a Enhanced LaTeX Graphics (DPC,SPQR)

("C:\Users\lecou\AppData\Local\Programs\MiKTeX 2.9\tex/latex/graphics\graphics.
sty"
Package: graphics 2019/11/30 v1.4a Standard LaTeX Graphics (DPC,SPQR)

("C:\Users\lecou\AppData\Local\Programs\MiKTeX 2.9\tex/latex/graphics\trig.sty"
Package: trig 2016/01/03 v1.10 sin cos tan (DPC)
)
("C:\Users\lecou\AppData\Local\Programs\MiKTeX 2.9\tex/latex/graphics-cfg\graph
ics.cfg"
File: graphics.cfg 2016/06/04 v1.11 sample graphics configuration
)
Package graphics Info: Driver file: pdftex.def on input line 105.

("C:\Users\lecou\AppData\Local\Programs\MiKTeX 2.9\tex/latex/graphics-def\pdfte
x.def"
File: pdftex.def 2018/01/08 v1.0l Graphics/color driver for pdftex
))
\Gin@req@height=\dimen143
\Gin@req@width=\dimen144
)
("C:\Users\lecou\AppData\Local\Programs\MiKTeX 2.9\tex/latex/xcolor\xcolor.sty"
Package: xcolor 2016/05/11 v2.12 LaTeX color extensions (UK)

("C:\Users\lecou\AppData\Local\Programs\MiKTeX 2.9\tex/latex/graphics-cfg\color
.cfg"
File: color.cfg 2016/01/02 v1.6 sample color configuration
)
Package xcolor Info: Driver file: pdftex.def on input line 225.

("C:\Users\lecou\AppData\Local\Programs\MiKTeX 2.9\tex/latex/colortbl\colortbl.
sty"
Package: colortbl 2020/01/04 v1.0e Color table columns (DPC)

("C:\Users\lecou\AppData\Local\Programs\MiKTeX 2.9\tex/latex/tools\array.sty"
Package: array 2019/08/31 v2.4l Tabular extension package (FMi)
\col@sep=\dimen145
\ar@mcellbox=\box45
\extrarowheight=\dimen146
\NC@list=\toks17
\extratabsurround=\skip49
\backup@length=\skip50
\ar@cellbox=\box46
)
\everycr=\toks18
\minrowclearance=\skip51
)
\rownum=\count179
Package xcolor Info: Model `cmy' substituted by `cmy0' on input line 1348.
Package xcolor Info: Model `hsb' substituted by `rgb' on input line 1352.
Package xcolor Info: Model `RGB' extended on input line 1364.
Package xcolor Info: Model `HTML' substituted by `rgb' on input line 1366.
Package xcolor Info: Model `Hsb' substituted by `hsb' on input line 1367.
Package xcolor Info: Model `tHsb' substituted by `hsb' on input line 1368.
Package xcolor Info: Model `HSB' substituted by `hsb' on input line 1369.
Package xcolor Info: Model `Gray' substituted by `gray' on input line 1370.
Package xcolor Info: Model `wave' substituted by `hsb' on input line 1371.
("C:\Users\lecou\AppData\Local\Programs\MiKTeX 2.9\tex/latex/xcolor\svgnam.def"
File: svgnam.def 2016/05/11 v2.12 Predefined colors according to SVG 1.1 (UK)
))
("C:\Users\lecou\AppData\Local\Programs\MiKTeX 2.9\tex/latex/tools\verbatim.sty
"
Package: verbatim 2019/11/10 v1.5r LaTeX2e package for verbatim enhancements
\every@verbatim=\toks19
\verbatim@line=\toks20
\verbatim@in@stream=\read2
)
("C:\Users\lecou\AppData\Local\Programs\MiKTeX 2.9\tex/latex/pgf/frontendlayer\
tikz.sty"
("C:\Users\lecou\AppData\Local\Programs\MiKTeX 2.9\tex/latex/pgf/basiclayer\pgf
.sty"
("C:\Users\lecou\AppData\Local\Programs\MiKTeX 2.9\tex/latex/pgf/utilities\pgfr
cs.sty"
("C:\Users\lecou\AppData\Local\Programs\MiKTeX 2.9\tex/generic/pgf/utilities\pg
futil-common.tex"
\pgfutil@everybye=\toks21
\pgfutil@tempdima=\dimen147
\pgfutil@tempdimb=\dimen148

("C:\Users\lecou\AppData\Local\Programs\MiKTeX 2.9\tex/generic/pgf/utilities\pg
futil-common-lists.tex"))
("C:\Users\lecou\AppData\Local\Programs\MiKTeX 2.9\tex/generic/pgf/utilities\pg
futil-latex.def"
\pgfutil@abb=\box47

("C:\Users\lecou\AppData\Local\Programs\MiKTeX 2.9\tex/latex/ms\everyshi.sty"
Package: everyshi 2001/05/15 v3.00 EveryShipout Package (MS)
))
("C:\Users\lecou\AppData\Local\Programs\MiKTeX 2.9\tex/generic/pgf/utilities\pg
frcs.code.tex"
("C:\Users\lecou\AppData\Local\Programs\MiKTeX 2.9\tex/generic/pgf\pgf.revision
.tex")
Package: pgfrcs 2020/01/08 v3.1.5b (3.1.5b)
))
Package: pgf 2020/01/08 v3.1.5b (3.1.5b)

("C:\Users\lecou\AppData\Local\Programs\MiKTeX 2.9\tex/latex/pgf/basiclayer\pgf
core.sty"
("C:\Users\lecou\AppData\Local\Programs\MiKTeX 2.9\tex/latex/pgf/systemlayer\pg
fsys.sty"
("C:\Users\lecou\AppData\Local\Programs\MiKTeX 2.9\tex/generic/pgf/systemlayer\
pgfsys.code.tex"
Package: pgfsys 2020/01/08 v3.1.5b (3.1.5b)

("C:\Users\lecou\AppData\Local\Programs\MiKTeX 2.9\tex/generic/pgf/utilities\pg
fkeys.code.tex"
\pgfkeys@pathtoks=\toks22
\pgfkeys@temptoks=\toks23

("C:\Users\lecou\AppData\Local\Programs\MiKTeX 2.9\tex/generic/pgf/utilities\pg
fkeysfiltered.code.tex"
\pgfkeys@tmptoks=\toks24
))
\pgf@x=\dimen149
\pgf@y=\dimen150
\pgf@xa=\dimen151
\pgf@ya=\dimen152
\pgf@xb=\dimen153
\pgf@yb=\dimen154
\pgf@xc=\dimen155
\pgf@yc=\dimen156
\pgf@xd=\dimen157
\pgf@yd=\dimen158
\w@pgf@writea=\write3
\r@pgf@reada=\read3
\c@pgf@counta=\count180
\c@pgf@countb=\count181
\c@pgf@countc=\count182
\c@pgf@countd=\count183
\t@pgf@toka=\toks25
\t@pgf@tokb=\toks26
\t@pgf@tokc=\toks27
\pgf@sys@id@count=\count184

("C:\Users\lecou\AppData\Local\Programs\MiKTeX 2.9\tex/generic/pgf/systemlayer\
pgf.cfg"
File: pgf.cfg 2020/01/08 v3.1.5b (3.1.5b)
)
Driver file for pgf: pgfsys-pdftex.def

("C:\Users\lecou\AppData\Local\Programs\MiKTeX 2.9\tex/generic/pgf/systemlayer\
pgfsys-pdftex.def"
File: pgfsys-pdftex.def 2020/01/08 v3.1.5b (3.1.5b)

("C:\Users\lecou\AppData\Local\Programs\MiKTeX 2.9\tex/generic/pgf/systemlayer\
pgfsys-common-pdf.def"
File: pgfsys-common-pdf.def 2020/01/08 v3.1.5b (3.1.5b)
)))
("C:\Users\lecou\AppData\Local\Programs\MiKTeX 2.9\tex/generic/pgf/systemlayer\
pgfsyssoftpath.code.tex"
File: pgfsyssoftpath.code.tex 2020/01/08 v3.1.5b (3.1.5b)
\pgfsyssoftpath@smallbuffer@items=\count185
\pgfsyssoftpath@bigbuffer@items=\count186
)
("C:\Users\lecou\AppData\Local\Programs\MiKTeX 2.9\tex/generic/pgf/systemlayer\
pgfsysprotocol.code.tex"
File: pgfsysprotocol.code.tex 2020/01/08 v3.1.5b (3.1.5b)
))
("C:\Users\lecou\AppData\Local\Programs\MiKTeX 2.9\tex/generic/pgf/basiclayer\p
gfcore.code.tex"
Package: pgfcore 2020/01/08 v3.1.5b (3.1.5b)

("C:\Users\lecou\AppData\Local\Programs\MiKTeX 2.9\tex/generic/pgf/math\pgfmath
.code.tex"
("C:\Users\lecou\AppData\Local\Programs\MiKTeX 2.9\tex/generic/pgf/math\pgfmath
calc.code.tex"
("C:\Users\lecou\AppData\Local\Programs\MiKTeX 2.9\tex/generic/pgf/math\pgfmath
util.code.tex")
("C:\Users\lecou\AppData\Local\Programs\MiKTeX 2.9\tex/generic/pgf/math\pgfmath
parser.code.tex"
\pgfmath@dimen=\dimen159
\pgfmath@count=\count187
\pgfmath@box=\box48
\pgfmath@toks=\toks28
\pgfmath@stack@operand=\toks29
\pgfmath@stack@operation=\toks30
)
("C:\Users\lecou\AppData\Local\Programs\MiKTeX 2.9\tex/generic/pgf/math\pgfmath
functions.code.tex"
("C:\Users\lecou\AppData\Local\Programs\MiKTeX 2.9\tex/generic/pgf/math\pgfmath
functions.basic.code.tex")
("C:\Users\lecou\AppData\Local\Programs\MiKTeX 2.9\tex/generic/pgf/math\pgfmath
functions.trigonometric.code.tex")
("C:\Users\lecou\AppData\Local\Programs\MiKTeX 2.9\tex/generic/pgf/math\pgfmath
functions.random.code.tex")
("C:\Users\lecou\AppData\Local\Programs\MiKTeX 2.9\tex/generic/pgf/math\pgfmath
functions.comparison.code.tex")
("C:\Users\lecou\AppData\Local\Programs\MiKTeX 2.9\tex/generic/pgf/math\pgfmath
functions.base.code.tex")
("C:\Users\lecou\AppData\Local\Programs\MiKTeX 2.9\tex/generic/pgf/math\pgfmath
functions.round.code.tex")
("C:\Users\lecou\AppData\Local\Programs\MiKTeX 2.9\tex/generic/pgf/math\pgfmath
functions.misc.code.tex")
("C:\Users\lecou\AppData\Local\Programs\MiKTeX 2.9\tex/generic/pgf/math\pgfmath
functions.integerarithmetics.code.tex")))
("C:\Users\lecou\AppData\Local\Programs\MiKTeX 2.9\tex/generic/pgf/math\pgfmath
float.code.tex"
\c@pgfmathroundto@lastzeros=\count188
))
("C:\Users\lecou\AppData\Local\Programs\MiKTeX 2.9\tex/generic/pgf/math\pgfint.
code.tex")
("C:\Users\lecou\AppData\Local\Programs\MiKTeX 2.9\tex/generic/pgf/basiclayer\p
gfcorepoints.code.tex"
File: pgfcorepoints.code.tex 2020/01/08 v3.1.5b (3.1.5b)
\pgf@picminx=\dimen160
\pgf@picmaxx=\dimen161
\pgf@picminy=\dimen162
\pgf@picmaxy=\dimen163
\pgf@pathminx=\dimen164
\pgf@pathmaxx=\dimen165
\pgf@pathminy=\dimen166
\pgf@pathmaxy=\dimen167
\pgf@xx=\dimen168
\pgf@xy=\dimen169
\pgf@yx=\dimen170
\pgf@yy=\dimen171
\pgf@zx=\dimen172
\pgf@zy=\dimen173
)
("C:\Users\lecou\AppData\Local\Programs\MiKTeX 2.9\tex/generic/pgf/basiclayer\p
gfcorepathconstruct.code.tex"
File: pgfcorepathconstruct.code.tex 2020/01/08 v3.1.5b (3.1.5b)
\pgf@path@lastx=\dimen174
\pgf@path@lasty=\dimen175
)
("C:\Users\lecou\AppData\Local\Programs\MiKTeX 2.9\tex/generic/pgf/basiclayer\p
gfcorepathusage.code.tex"
File: pgfcorepathusage.code.tex 2020/01/08 v3.1.5b (3.1.5b)
\pgf@shorten@end@additional=\dimen176
\pgf@shorten@start@additional=\dimen177
)
("C:\Users\lecou\AppData\Local\Programs\MiKTeX 2.9\tex/generic/pgf/basiclayer\p
gfcorescopes.code.tex"
File: pgfcorescopes.code.tex 2020/01/08 v3.1.5b (3.1.5b)
\pgfpic=\box49
\pgf@hbox=\box50
\pgf@layerbox@main=\box51
\pgf@picture@serial@count=\count189
)
("C:\Users\lecou\AppData\Local\Programs\MiKTeX 2.9\tex/generic/pgf/basiclayer\p
gfcoregraphicstate.code.tex"
File: pgfcoregraphicstate.code.tex 2020/01/08 v3.1.5b (3.1.5b)
\pgflinewidth=\dimen178
)
("C:\Users\lecou\AppData\Local\Programs\MiKTeX 2.9\tex/generic/pgf/basiclayer\p
gfcoretransformations.code.tex"
File: pgfcoretransformations.code.tex 2020/01/08 v3.1.5b (3.1.5b)
\pgf@pt@x=\dimen179
\pgf@pt@y=\dimen180
\pgf@pt@temp=\dimen181
)
("C:\Users\lecou\AppData\Local\Programs\MiKTeX 2.9\tex/generic/pgf/basiclayer\p
gfcorequick.code.tex"
File: pgfcorequick.code.tex 2020/01/08 v3.1.5b (3.1.5b)
)
("C:\Users\lecou\AppData\Local\Programs\MiKTeX 2.9\tex/generic/pgf/basiclayer\p
gfcoreobjects.code.tex"
File: pgfcoreobjects.code.tex 2020/01/08 v3.1.5b (3.1.5b)
)
("C:\Users\lecou\AppData\Local\Programs\MiKTeX 2.9\tex/generic/pgf/basiclayer\p
gfcorepathprocessing.code.tex"
File: pgfcorepathprocessing.code.tex 2020/01/08 v3.1.5b (3.1.5b)
)
("C:\Users\lecou\AppData\Local\Programs\MiKTeX 2.9\tex/generic/pgf/basiclayer\p
gfcorearrows.code.tex"
File: pgfcorearrows.code.tex 2020/01/08 v3.1.5b (3.1.5b)
\pgfarrowsep=\dimen182
)
("C:\Users\lecou\AppData\Local\Programs\MiKTeX 2.9\tex/generic/pgf/basiclayer\p
gfcoreshade.code.tex"
File: pgfcoreshade.code.tex 2020/01/08 v3.1.5b (3.1.5b)
\pgf@max=\dimen183
\pgf@sys@shading@range@num=\count190
\pgf@shadingcount=\count191
)
("C:\Users\lecou\AppData\Local\Programs\MiKTeX 2.9\tex/generic/pgf/basiclayer\p
gfcoreimage.code.tex"
File: pgfcoreimage.code.tex 2020/01/08 v3.1.5b (3.1.5b)

("C:\Users\lecou\AppData\Local\Programs\MiKTeX 2.9\tex/generic/pgf/basiclayer\p
gfcoreexternal.code.tex"
File: pgfcoreexternal.code.tex 2020/01/08 v3.1.5b (3.1.5b)
\pgfexternal@startupbox=\box52
))
("C:\Users\lecou\AppData\Local\Programs\MiKTeX 2.9\tex/generic/pgf/basiclayer\p
gfcorelayers.code.tex"
File: pgfcorelayers.code.tex 2020/01/08 v3.1.5b (3.1.5b)
)
("C:\Users\lecou\AppData\Local\Programs\MiKTeX 2.9\tex/generic/pgf/basiclayer\p
gfcoretransparency.code.tex"
File: pgfcoretransparency.code.tex 2020/01/08 v3.1.5b (3.1.5b)
)
("C:\Users\lecou\AppData\Local\Programs\MiKTeX 2.9\tex/generic/pgf/basiclayer\p
gfcorepatterns.code.tex"
File: pgfcorepatterns.code.tex 2020/01/08 v3.1.5b (3.1.5b)
)
("C:\Users\lecou\AppData\Local\Programs\MiKTeX 2.9\tex/generic/pgf/basiclayer\p
gfcorerdf.code.tex"
File: pgfcorerdf.code.tex 2020/01/08 v3.1.5b (3.1.5b)
)))
("C:\Users\lecou\AppData\Local\Programs\MiKTeX 2.9\tex/generic/pgf/modules\pgfm
oduleshapes.code.tex"
File: pgfmoduleshapes.code.tex 2020/01/08 v3.1.5b (3.1.5b)
\pgfnodeparttextbox=\box53
)
("C:\Users\lecou\AppData\Local\Programs\MiKTeX 2.9\tex/generic/pgf/modules\pgfm
oduleplot.code.tex"
File: pgfmoduleplot.code.tex 2020/01/08 v3.1.5b (3.1.5b)
)
("C:\Users\lecou\AppData\Local\Programs\MiKTeX 2.9\tex/latex/pgf/compatibility\
pgfcomp-version-0-65.sty"
Package: pgfcomp-version-0-65 2020/01/08 v3.1.5b (3.1.5b)
\pgf@nodesepstart=\dimen184
\pgf@nodesepend=\dimen185
)
("C:\Users\lecou\AppData\Local\Programs\MiKTeX 2.9\tex/latex/pgf/compatibility\
pgfcomp-version-1-18.sty"
Package: pgfcomp-version-1-18 2020/01/08 v3.1.5b (3.1.5b)
))
("C:\Users\lecou\AppData\Local\Programs\MiKTeX 2.9\tex/latex/pgf/utilities\pgff
or.sty"
("C:\Users\lecou\AppData\Local\Programs\MiKTeX 2.9\tex/latex/pgf/utilities\pgfk
eys.sty"
("C:\Users\lecou\AppData\Local\Programs\MiKTeX 2.9\tex/generic/pgf/utilities\pg
fkeys.code.tex"))
("C:\Users\lecou\AppData\Local\Programs\MiKTeX 2.9\tex/latex/pgf/math\pgfmath.s
ty"
("C:\Users\lecou\AppData\Local\Programs\MiKTeX 2.9\tex/generic/pgf/math\pgfmath
.code.tex"))
("C:\Users\lecou\AppData\Local\Programs\MiKTeX 2.9\tex/generic/pgf/utilities\pg
ffor.code.tex"
Package: pgffor 2020/01/08 v3.1.5b (3.1.5b)

("C:\Users\lecou\AppData\Local\Programs\MiKTeX 2.9\tex/generic/pgf/math\pgfmath
.code.tex")
\pgffor@iter=\dimen186
\pgffor@skip=\dimen187
\pgffor@stack=\toks31
\pgffor@toks=\toks32
))
("C:\Users\lecou\AppData\Local\Programs\MiKTeX 2.9\tex/generic/pgf/frontendlaye
r/tikz\tikz.code.tex"
Package: tikz 2020/01/08 v3.1.5b (3.1.5b)

("C:\Users\lecou\AppData\Local\Programs\MiKTeX 2.9\tex/generic/pgf/libraries\pg
flibraryplothandlers.code.tex"
File: pgflibraryplothandlers.code.tex 2020/01/08 v3.1.5b (3.1.5b)
\pgf@plot@mark@count=\count192
\pgfplotmarksize=\dimen188
)
\tikz@lastx=\dimen189
\tikz@lasty=\dimen190
\tikz@lastxsaved=\dimen191
\tikz@lastysaved=\dimen192
\tikz@lastmovetox=\dimen193
\tikz@lastmovetoy=\dimen194
\tikzleveldistance=\dimen195
\tikzsiblingdistance=\dimen196
\tikz@figbox=\box54
\tikz@figbox@bg=\box55
\tikz@tempbox=\box56
\tikz@tempbox@bg=\box57
\tikztreelevel=\count193
\tikznumberofchildren=\count194
\tikznumberofcurrentchild=\count195
\tikz@fig@count=\count196

("C:\Users\lecou\AppData\Local\Programs\MiKTeX 2.9\tex/generic/pgf/modules\pgfm
odulematrix.code.tex"
File: pgfmodulematrix.code.tex 2020/01/08 v3.1.5b (3.1.5b)
\pgfmatrixcurrentrow=\count197
\pgfmatrixcurrentcolumn=\count198
\pgf@matrix@numberofcolumns=\count199
)
\tikz@expandcount=\count266

("C:\Users\lecou\AppData\Local\Programs\MiKTeX 2.9\tex/generic/pgf/frontendlaye
r/tikz/libraries\tikzlibrarytopaths.code.tex"
File: tikzlibrarytopaths.code.tex 2020/01/08 v3.1.5b (3.1.5b)
)))
("C:\Users\lecou\AppData\Local\Programs\MiKTeX 2.9\tex/generic/babel\babel.sty"
Package: babel 2020/02/28 3.41 The Babel package
("C:\Users\lecou\AppData\Local\Programs\MiKTeX 2.9\tex/generic/babel\switch.def
"
File: switch.def 2020/02/28 3.41 Babel switching mechanism
)
*************************************
* Local config file bblopts.cfg used
*
("C:\Users\lecou\AppData\Local\Programs\MiKTeX 2.9\tex/latex/arabi\bblopts.cfg"
File: bblopts.cfg 2005/09/08 v0.1 add Arabic and Farsi to "declared" options of
 babel
)
("C:\Users\lecou\AppData\Local\Programs\MiKTeX 2.9\tex/generic/babel-french\fra
ncais.ldf"
Language: francais 2020/01/30 v3.5g French support from the babel system


Package francais.ldf Warning: Option `francais' for Babel is *deprecated*,
(francais.ldf)                it might be removed sooner or later. Please
(francais.ldf)                use `french' instead; reported on input line 31.


("C:\Users\lecou\AppData\Local\Programs\MiKTeX 2.9\tex/generic/babel-french\fre
nch.ldf"
Language: french 2020/01/30 v3.5g French support from the babel system

("C:\Users\lecou\AppData\Local\Programs\MiKTeX 2.9\tex/generic/babel\babel.def"
File: babel.def 2020/02/28 3.41 Babel common definitions
\babel@savecnt=\count267
\U@D=\dimen197

("C:\Users\lecou\AppData\Local\Programs\MiKTeX 2.9\tex/generic/babel\txtbabel.d
ef")
\bbl@readstream=\read4
\bbl@dirlevel=\count268
)
Package babel Info: \l@acadian = using hyphenrules for french
(babel)             (\language22) on input line 91.
Package babel Info: \l@canadien = using hyphenrules for french
(babel)             (\language22) on input line 92.
\FB@nonchar=\count269
Package babel Info: Making : an active character on input line 419.
Package babel Info: Making ; an active character on input line 420.
Package babel Info: Making ! an active character on input line 421.
Package babel Info: Making ? an active character on input line 422.
\FBguill@level=\count270
\FBold@everypar=\toks33
\FB@Mht=\dimen198
\mc@charclass=\count271
\mc@charfam=\count272
\mc@charslot=\count273
\std@mcc=\count274
\dec@mcc=\count275
\c@FBcaption@count=\count276
\listindentFB=\dimen199
\descindentFB=\dimen256
\labelindentFB=\dimen257
\labelwidthFB=\dimen258
\leftmarginFB=\dimen259
\parindentFFN=\dimen260
\FBfnindent=\dimen261
)))
("C:\Users\lecou\AppData\Local\Programs\MiKTeX 2.9\tex/latex/carlisle\scalefnt.
sty")
("C:\Users\lecou\AppData\Local\Programs\MiKTeX 2.9\tex/latex/algorithmicx\algps
eudocode.sty"
Package: algpseudocode 

("C:\Users\lecou\AppData\Local\Programs\MiKTeX 2.9\tex/latex/base\ifthen.sty"
Package: ifthen 2014/09/29 v1.1c Standard LaTeX ifthen package (DPC)
)
("C:\Users\lecou\AppData\Local\Programs\MiKTeX 2.9\tex/latex/algorithmicx\algor
ithmicx.sty"
Package: algorithmicx 2005/04/27 v1.2 Algorithmicx

Document Style algorithmicx 1.2 - a greatly improved `algorithmic' style
\c@ALG@line=\count277
\c@ALG@rem=\count278
\c@ALG@nested=\count279
\ALG@tlm=\skip52
\ALG@thistlm=\skip53
\c@ALG@Lnr=\count280
\c@ALG@blocknr=\count281
\c@ALG@storecount=\count282
\c@ALG@tmpcounter=\count283
\ALG@tmplength=\skip54
)
Document Style - pseudocode environments for use with the `algorithmicx' style
)
("C:\Users\lecou\AppData\Local\Programs\MiKTeX 2.9\tex/latex/algorithms\algorit
hm.sty"
Package: algorithm 2009/08/24 v0.1 Document Style `algorithm' - floating enviro
nment

("C:\Users\lecou\AppData\Local\Programs\MiKTeX 2.9\tex/latex/float\float.sty"
Package: float 2001/11/08 v1.3d Float enhancements (AL)
\c@float@type=\count284
\float@exts=\toks34
\float@box=\box58
\@float@everytoks=\toks35
\@floatcapt=\box59
)
\@float@every@algorithm=\toks36
\c@algorithm=\count285
)
("C:\Users\lecou\AppData\Local\Programs\MiKTeX 2.9\tex/latex/enumitem\enumitem.
sty"
Package: enumitem 2019/06/20 v3.9 Customized lists
\labelindent=\skip55
\enit@outerparindent=\dimen262
\enit@toks=\toks37
\enit@inbox=\box60
\enit@count@id=\count286
\enitdp@description=\count287
)
LaTeX Font Info:    Trying to load font information for T1+txtt on input line 2
2.

("C:\Users\lecou\AppData\Local\Programs\MiKTeX 2.9\tex/latex/txfonts\t1txtt.fd"
File: t1txtt.fd 2000/12/15 v3.1
)
("C:\Users\lecou\AppData\Local\Programs\MiKTeX 2.9\tex/latex/listings\listings.
sty"
\lst@mode=\count288
\lst@gtempboxa=\box61
\lst@token=\toks38
\lst@length=\count289
\lst@currlwidth=\dimen263
\lst@column=\count290
\lst@pos=\count291
\lst@lostspace=\dimen264
\lst@width=\dimen265
\lst@newlines=\count292
\lst@lineno=\count293
\lst@maxwidth=\dimen266

("C:\Users\lecou\AppData\Local\Programs\MiKTeX 2.9\tex/latex/listings\lstmisc.s
ty"
File: lstmisc.sty 2019/09/10 1.8c (Carsten Heinz)
\c@lstnumber=\count294
\lst@skipnumbers=\count295
\lst@framebox=\box62
)
("C:\Users\lecou\AppData\Local\Programs\MiKTeX 2.9\tex/latex/listings\listings.
cfg"
File: listings.cfg 2019/09/10 1.8c listings configuration
))
Package: listings 2019/09/10 1.8c (Carsten Heinz)

("C:\Users\lecou\AppData\Local\Programs\MiKTeX 2.9\tex/latex/oberdiek\stackrel.
sty"
Package: stackrel 2016/05/16 v1.3 Adding subscript option to stackrel (HO)

("C:\Users\lecou\AppData\Local\Programs\MiKTeX 2.9\tex/generic/etexcmds\etexcmd
s.sty"
Package: etexcmds 2019/12/15 v1.7 Avoid name clashes with e-TeX commands (HO)

("C:\Users\lecou\AppData\Local\Programs\MiKTeX 2.9\tex/generic/infwarerr\infwar
err.sty"
Package: infwarerr 2019/12/03 v1.5 Providing info/warning/error messages (HO)
))
("C:\Users\lecou\AppData\Local\Programs\MiKTeX 2.9\tex/latex/pdftexcmds\pdftexc
mds.sty"
Package: pdftexcmds 2019/11/24 v0.31 Utility functions of pdfTeX for LuaTeX (HO
)

("C:\Users\lecou\AppData\Local\Programs\MiKTeX 2.9\tex/generic/ltxcmds\ltxcmds.
sty"
Package: ltxcmds 2019/12/15 v1.24 LaTeX kernel commands for general use (HO)
)
Package pdftexcmds Info: \pdf@primitive is available.
Package pdftexcmds Info: \pdf@ifprimitive is available.
Package pdftexcmds Info: \pdfdraftmode found.
))
("C:\Users\lecou\AppData\Local\Programs\MiKTeX 2.9\tex/latex/booktabs\booktabs.
sty"
Package: booktabs 2020/01/12 v1.61803398 Publication quality tables
\heavyrulewidth=\dimen267
\lightrulewidth=\dimen268
\cmidrulewidth=\dimen269
\belowrulesep=\dimen270
\belowbottomsep=\dimen271
\aboverulesep=\dimen272
\abovetopsep=\dimen273
\cmidrulesep=\dimen274
\cmidrulekern=\dimen275
\defaultaddspace=\dimen276
\@cmidla=\count296
\@cmidlb=\count297
\@aboverulesep=\dimen277
\@belowrulesep=\dimen278
\@thisruleclass=\count298
\@lastruleclass=\count299
\@thisrulewidth=\dimen279
)
("C:\Users\lecou\AppData\Local\Programs\MiKTeX 2.9\tex/latex/psnfss\avant.sty"
Package: avant 2005/04/12 PSNFSS-v9.2a (SPQR) 
)
("C:\Users\lecou\AppData\Local\Programs\MiKTeX 2.9\tex/latex/psnfss\mathptmx.st
y"
Package: mathptmx 2005/04/12 PSNFSS-v9.2a Times w/ Math, improved (SPQR, WaS) 
LaTeX Font Info:    Redeclaring symbol font `operators' on input line 28.
LaTeX Font Info:    Overwriting symbol font `operators' in version `normal'
(Font)                  OT1/cmr/m/n --> OT1/ztmcm/m/n on input line 28.
LaTeX Font Info:    Overwriting symbol font `operators' in version `bold'
(Font)                  OT1/cmr/bx/n --> OT1/ztmcm/m/n on input line 28.
LaTeX Font Info:    Redeclaring symbol font `letters' on input line 29.
LaTeX Font Info:    Overwriting symbol font `letters' in version `normal'
(Font)                  OML/cmm/m/it --> OML/ztmcm/m/it on input line 29.
LaTeX Font Info:    Overwriting symbol font `letters' in version `bold'
(Font)                  OML/cmm/b/it --> OML/ztmcm/m/it on input line 29.
LaTeX Font Info:    Redeclaring symbol font `symbols' on input line 30.
LaTeX Font Info:    Overwriting symbol font `symbols' in version `normal'
(Font)                  OMS/cmsy/m/n --> OMS/ztmcm/m/n on input line 30.
LaTeX Font Info:    Overwriting symbol font `symbols' in version `bold'
(Font)                  OMS/cmsy/b/n --> OMS/ztmcm/m/n on input line 30.
LaTeX Font Info:    Redeclaring symbol font `largesymbols' on input line 31.
LaTeX Font Info:    Overwriting symbol font `largesymbols' in version `normal'
(Font)                  OMX/cmex/m/n --> OMX/ztmcm/m/n on input line 31.
LaTeX Font Info:    Overwriting symbol font `largesymbols' in version `bold'
(Font)                  OMX/cmex/m/n --> OMX/ztmcm/m/n on input line 31.
\symbold=\mathgroup4
\symitalic=\mathgroup5
LaTeX Font Info:    Redeclaring math alphabet \mathbf on input line 34.
LaTeX Font Info:    Overwriting math alphabet `\mathbf' in version `normal'
(Font)                  OT1/cmr/bx/n --> OT1/ptm/bx/n on input line 34.
LaTeX Font Info:    Overwriting math alphabet `\mathbf' in version `bold'
(Font)                  OT1/cmr/bx/n --> OT1/ptm/bx/n on input line 34.
LaTeX Font Info:    Redeclaring math alphabet \mathit on input line 35.
LaTeX Font Info:    Overwriting math alphabet `\mathit' in version `normal'
(Font)                  OT1/cmr/m/it --> OT1/ptm/m/it on input line 35.
LaTeX Font Info:    Overwriting math alphabet `\mathit' in version `bold'
(Font)                  OT1/cmr/bx/it --> OT1/ptm/m/it on input line 35.
LaTeX Info: Redefining \hbar on input line 50.
)
("C:\Users\lecou\AppData\Local\Programs\MiKTeX 2.9\tex/latex/microtype\microtyp
e.sty"
Package: microtype 2019/11/18 v2.7d Micro-typographical refinements (RS)
\MT@toks=\toks39
\MT@count=\count300
LaTeX Info: Redefining \textls on input line 790.
\MT@outer@kern=\dimen280
LaTeX Info: Redefining \textmicrotypecontext on input line 1354.
\MT@listname@count=\count301

("C:\Users\lecou\AppData\Local\Programs\MiKTeX 2.9\tex/latex/microtype\microtyp
e-pdftex.def"
File: microtype-pdftex.def 2019/11/18 v2.7d Definitions specific to pdftex (RS)

LaTeX Info: Redefining \lsstyle on input line 914.
LaTeX Info: Redefining \lslig on input line 914.
\MT@outer@space=\skip56
)
Package microtype Info: Loading configuration file microtype.cfg.

("C:\Users\lecou\AppData\Local\Programs\MiKTeX 2.9\tex/latex/microtype\microtyp
e.cfg"
File: microtype.cfg 2019/11/18 v2.7d microtype main configuration file (RS)
))
("C:\Users\lecou\AppData\Local\Programs\MiKTeX 2.9\tex/latex/base\fontenc.sty"
Package: fontenc 2020/02/11 v2.0o Standard LaTeX package
LaTeX Font Info:    Trying to load font information for T1+ptm on input line 11
2.

("C:\Users\lecou\AppData\Local\Programs\MiKTeX 2.9\tex/latex/psnfss\t1ptm.fd"
File: t1ptm.fd 2001/06/04 font definitions for T1/ptm.
)) ("C:\Users\lecou\AppData\Local\Programs\MiKTeX 2.9\tex/latex/natbib\natbib.s
ty"
Package: natbib 2010/09/13 8.31b (PWD, AO)
\bibhang=\skip57
\bibsep=\skip58
LaTeX Info: Redefining \cite on input line 694.
\c@NAT@ctr=\count302
) ("C:\Users\lecou\AppData\Local\Programs\MiKTeX 2.9\tex/latex/tools\calc.sty"
Package: calc 2017/05/25 v4.3 Infix arithmetic (KKT,FJ)
\calc@Acount=\count303
\calc@Bcount=\count304
\calc@Adimen=\dimen281
\calc@Bdimen=\dimen282
\calc@Askip=\skip59
\calc@Bskip=\skip60
LaTeX Info: Redefining \setlength on input line 80.
LaTeX Info: Redefining \addtolength on input line 81.
\calc@Ccount=\count305
\calc@Cskip=\skip61
) ("C:\Users\lecou\AppData\Local\Programs\MiKTeX 2.9\tex/latex/base\makeidx.sty
"
Package: makeidx 2014/09/29 v1.0m Standard LaTeX package
)
\@indexfile=\write4
\openout4 = `main.idx'.


Writing index file main.idx

("C:\Users\lecou\AppData\Local\Programs\MiKTeX 2.9\tex/latex/titlesec\titletoc.
sty"
Package: titletoc 2019/10/16 v2.13 TOC entries
\ttl@leftsep=\dimen283
)
("C:\Users\lecou\AppData\Local\Programs\MiKTeX 2.9\tex/latex/fancyhdr\fancyhdr.
sty"
Package: fancyhdr 2019/01/31 v3.10 Extensive control of page headers and footer
s
\f@nch@headwidth=\skip62
\f@nch@O@elh=\skip63
\f@nch@O@erh=\skip64
\f@nch@O@olh=\skip65
\f@nch@O@orh=\skip66
\f@nch@O@elf=\skip67
\f@nch@O@erf=\skip68
\f@nch@O@olf=\skip69
\f@nch@O@orf=\skip70
)
("C:\Users\lecou\AppData\Local\Programs\MiKTeX 2.9\tex/latex/amsmath\amsmath.st
y"
Package: amsmath 2020/01/20 v2.17e AMS math features
\@mathmargin=\skip71

For additional information on amsmath, use the `?' option.

("C:\Users\lecou\AppData\Local\Programs\MiKTeX 2.9\tex/latex/amsmath\amstext.st
y"
Package: amstext 2000/06/29 v2.01 AMS text

("C:\Users\lecou\AppData\Local\Programs\MiKTeX 2.9\tex/latex/amsmath\amsgen.sty
"
File: amsgen.sty 1999/11/30 v2.0 generic functions
\@emptytoks=\toks40
\ex@=\dimen284
))
("C:\Users\lecou\AppData\Local\Programs\MiKTeX 2.9\tex/latex/amsmath\amsbsy.sty
"
Package: amsbsy 1999/11/29 v1.2d Bold Symbols
\pmbraise@=\dimen285
)
("C:\Users\lecou\AppData\Local\Programs\MiKTeX 2.9\tex/latex/amsmath\amsopn.sty
"
Package: amsopn 2016/03/08 v2.02 operator names
)
\inf@bad=\count306
LaTeX Info: Redefining \frac on input line 227.
\uproot@=\count307
\leftroot@=\count308
LaTeX Info: Redefining \overline on input line 389.
\classnum@=\count309
\DOTSCASE@=\count310
LaTeX Info: Redefining \ldots on input line 486.
LaTeX Info: Redefining \dots on input line 489.
LaTeX Info: Redefining \cdots on input line 610.
\Mathstrutbox@=\box63
\strutbox@=\box64
\big@size=\dimen286
LaTeX Font Info:    Redeclaring font encoding OML on input line 733.
LaTeX Font Info:    Redeclaring font encoding OMS on input line 734.
\macc@depth=\count311
\c@MaxMatrixCols=\count312
\dotsspace@=\muskip16
\c@parentequation=\count313
\dspbrk@lvl=\count314
\tag@help=\toks41
\row@=\count315
\column@=\count316
\maxfields@=\count317
\andhelp@=\toks42
\eqnshift@=\dimen287
\alignsep@=\dimen288
\tagshift@=\dimen289
\tagwidth@=\dimen290
\totwidth@=\dimen291
\lineht@=\dimen292
\@envbody=\toks43
\multlinegap=\skip72
\multlinetaggap=\skip73
\mathdisplay@stack=\toks44
LaTeX Info: Redefining \[ on input line 2859.
LaTeX Info: Redefining \] on input line 2860.
)
("C:\Users\lecou\AppData\Local\Programs\MiKTeX 2.9\tex/latex/amsfonts\amsfonts.
sty"
Package: amsfonts 2013/01/14 v3.01 Basic AMSFonts support
\symAMSa=\mathgroup6
\symAMSb=\mathgroup7
LaTeX Font Info:    Overwriting math alphabet `\mathfrak' in version `bold'
(Font)                  U/euf/m/n --> U/euf/b/n on input line 106.
)
("C:\Users\lecou\AppData\Local\Programs\MiKTeX 2.9\tex/latex/amsfonts\amssymb.s
ty"
Package: amssymb 2013/01/14 v3.01 AMS font symbols
)
("C:\Users\lecou\AppData\Local\Programs\MiKTeX 2.9\tex/latex/amscls\amsthm.sty"
Package: amsthm 2017/10/31 v2.20.4
\thm@style=\toks45
\thm@bodyfont=\toks46
\thm@headfont=\toks47
\thm@notefont=\toks48
\thm@headpunct=\toks49
\thm@preskip=\skip74
\thm@postskip=\skip75
\thm@headsep=\skip76
\dth@everypar=\toks50
)
\esp=\skip77
\ecart=\skip78

("C:\Users\lecou\AppData\Local\Programs\MiKTeX 2.9\tex/latex/hyperref\hyperref.
sty"
Package: hyperref 2020/01/14 v7.00d Hypertext links for LaTeX

("C:\Users\lecou\AppData\Local\Programs\MiKTeX 2.9\tex/generic/kvsetkeys\kvsetk
eys.sty"
Package: kvsetkeys 2019/12/15 v1.18 Key value parser (HO)
)
("C:\Users\lecou\AppData\Local\Programs\MiKTeX 2.9\tex/generic/kvdefinekeys\kvd
efinekeys.sty"
Package: kvdefinekeys 2019-12-19 v1.6 Define keys (HO)
)
("C:\Users\lecou\AppData\Local\Programs\MiKTeX 2.9\tex/generic/pdfescape\pdfesc
ape.sty"
Package: pdfescape 2019/12/09 v1.15 Implements pdfTeX's escape features (HO)
)
("C:\Users\lecou\AppData\Local\Programs\MiKTeX 2.9\tex/latex/hycolor\hycolor.st
y"
Package: hycolor 2020-01-27 v1.10 Color options for hyperref/bookmark (HO)
)
("C:\Users\lecou\AppData\Local\Programs\MiKTeX 2.9\tex/latex/letltxmacro\letltx
macro.sty"
Package: letltxmacro 2019/12/03 v1.6 Let assignment for LaTeX macros (HO)
)
("C:\Users\lecou\AppData\Local\Programs\MiKTeX 2.9\tex/latex/auxhook\auxhook.st
y"
Package: auxhook 2019-12-17 v1.6 Hooks for auxiliary files (HO)
)
("C:\Users\lecou\AppData\Local\Programs\MiKTeX 2.9\tex/latex/kvoptions\kvoption
s.sty"
Package: kvoptions 2019/11/29 v3.13 Key value format for package options (HO)
)
\@linkdim=\dimen293
\Hy@linkcounter=\count318
\Hy@pagecounter=\count319

("C:\Users\lecou\AppData\Local\Programs\MiKTeX 2.9\tex/latex/hyperref\pd1enc.de
f"
File: pd1enc.def 2020/01/14 v7.00d Hyperref: PDFDocEncoding definition (HO)
Now handling font encoding PD1 ...
... no UTF-8 mapping file for font encoding PD1
)
("C:\Users\lecou\AppData\Local\Programs\MiKTeX 2.9\tex/generic/intcalc\intcalc.
sty"
Package: intcalc 2019/12/15 v1.3 Expandable calculations with integers (HO)
)
\Hy@SavedSpaceFactor=\count320
Package hyperref Info: Hyper figures OFF on input line 4547.
Package hyperref Info: Link nesting OFF on input line 4552.
Package hyperref Info: Hyper index ON on input line 4555.
Package hyperref Info: Plain pages OFF on input line 4562.
Package hyperref Info: Backreferencing OFF on input line 4567.
Package hyperref Info: Implicit mode ON; LaTeX internals redefined.
Package hyperref Info: Bookmarks ON on input line 4800.
\c@Hy@tempcnt=\count321
 ("C:\Users\lecou\AppData\Local\Programs\MiKTeX 2.9\tex/latex/url\url.sty"
\Urlmuskip=\muskip17
Package: url 2013/09/16  ver 3.4  Verb mode for urls, etc.
)
LaTeX Info: Redefining \url on input line 5159.
\XeTeXLinkMargin=\dimen294

("C:\Users\lecou\AppData\Local\Programs\MiKTeX 2.9\tex/generic/bitset\bitset.st
y"
Package: bitset 2019/12/09 v1.3 Handle bit-vector datatype (HO)

("C:\Users\lecou\AppData\Local\Programs\MiKTeX 2.9\tex/generic/bigintcalc\bigin
tcalc.sty"
Package: bigintcalc 2019/12/15 v1.5 Expandable calculations on big integers (HO
)
))
\Fld@menulength=\count322
\Field@Width=\dimen295
\Fld@charsize=\dimen296
Package hyperref Info: Hyper figures OFF on input line 6430.
Package hyperref Info: Link nesting OFF on input line 6435.
Package hyperref Info: Hyper index ON on input line 6438.
Package hyperref Info: backreferencing OFF on input line 6445.
Package hyperref Info: Link coloring OFF on input line 6450.
Package hyperref Info: Link coloring with OCG OFF on input line 6455.
Package hyperref Info: PDF/A mode OFF on input line 6460.
LaTeX Info: Redefining \ref on input line 6500.
LaTeX Info: Redefining \pageref on input line 6504.

("C:\Users\lecou\AppData\Local\Programs\MiKTeX 2.9\tex/generic/atbegshi\atbegsh
i.sty"
Package: atbegshi 2019/12/05 v1.19 At begin shipout hook (HO)
)
\Hy@abspage=\count323
\c@Item=\count324
\c@Hfootnote=\count325
)
Package hyperref Info: Driver (autodetected): hpdftex.

("C:\Users\lecou\AppData\Local\Programs\MiKTeX 2.9\tex/latex/hyperref\hpdftex.d
ef"
File: hpdftex.def 2020/01/14 v7.00d Hyperref driver for pdfTeX

("C:\Users\lecou\AppData\Local\Programs\MiKTeX 2.9\tex/latex/atveryend\atveryen
d.sty"
Package: atveryend 2019-12-11 v1.11 Hooks at the very end of document (HO)
Package atveryend Info: \enddocument detected (standard20110627).
)
\Fld@listcount=\count326
\c@bookmark@seq@number=\count327

("C:\Users\lecou\AppData\Local\Programs\MiKTeX 2.9\tex/latex/rerunfilecheck\rer
unfilecheck.sty"
Package: rerunfilecheck 2019/12/05 v1.9 Rerun checks for auxiliary files (HO)

("C:\Users\lecou\AppData\Local\Programs\MiKTeX 2.9\tex/generic/uniquecounter\un
iquecounter.sty"
Package: uniquecounter 2019/12/15 v1.4 Provide unlimited unique counter (HO)
)
Package uniquecounter Info: New unique counter `rerunfilecheck' on input line 2
86.
)
\Hy@SectionHShift=\skip79
)

Package hyperref Warning: Option `backref' has already been used,
(hyperref)                setting the option has no effect on input line 337.


Package hyperref Warning: Option `pagebackref' has already been used,
(hyperref)                setting the option has no effect on input line 337.


Package hyperref Warning: Option `hyperindex' has already been used,
(hyperref)                setting the option has no effect on input line 337.

Package hyperref Info: Option `colorlinks' set `false' on input line 337.
Package hyperref Info: Option `breaklinks' set `true' on input line 337.

Package hyperref Warning: Option `bookmarks' has already been used,
(hyperref)                setting the option has no effect on input line 337.

Package hyperref Info: Option `bookmarksopen' set `false' on input line 337.

("C:\Users\lecou\AppData\Local\Programs\MiKTeX 2.9\tex/latex/bookmark\bookmark.
sty"
Package: bookmark 2019/12/03 v1.28 PDF bookmarks (HO)

("C:\Users\lecou\AppData\Local\Programs\MiKTeX 2.9\tex/latex/bookmark\bkm-pdfte
x.def"
File: bkm-pdftex.def 2019/12/03 v1.28 bookmark driver for pdfTeX (HO)
\BKM@id=\count328
))
Package hyperref Info: Option `colorlinks' set `true' on input line 357.
\parskipinitial=\skip80
\parskipnew=\skip81

("C:\Users\lecou\AppData\Local\Programs\MiKTeX 2.9\tex/latex/marginnote\marginn
ote.sty"
Package: marginnote 2018/08/09 v1.4b non floating margin notes for LaTeX
\c@mn@abspage=\count329
)
("C:\Users\lecou\AppData\Local\Programs\MiKTeX 2.9\tex/latex/titlesec\titlesec.
sty"
Package: titlesec 2019/10/16 v2.13 Sectioning titles
\ttl@box=\box65
\beforetitleunit=\skip82
\aftertitleunit=\skip83
\ttl@plus=\dimen297
\ttl@minus=\dimen298
\ttl@toksa=\toks51
\titlewidth=\dimen299
\titlewidthlast=\dimen300
\titlewidthfirst=\dimen301
)
("C:\Users\lecou\AppData\Local\Programs\MiKTeX 2.9\tex/latex/caption\subcaption
.sty"
Package: subcaption 2020/01/22 v1.3d Sub-captions (AR)

("C:\Users\lecou\AppData\Local\Programs\MiKTeX 2.9\tex/latex/caption\caption.st
y"
Package: caption 2020/01/03 v3.4h Customizing captions (AR)

("C:\Users\lecou\AppData\Local\Programs\MiKTeX 2.9\tex/latex/caption\caption3.s
ty"
Package: caption3 2020/01/03 v1.8h caption3 kernel (AR)
Package caption3 Info: TeX engine: e-TeX on input line 61.
\captionmargin=\dimen302
\captionmargin@=\dimen303
\captionwidth=\dimen304
\caption@tempdima=\dimen305
\caption@indent=\dimen306
\caption@parindent=\dimen307
\caption@hangindent=\dimen308
Package caption Info: Standard document class detected.
)
\c@caption@flags=\count330
\c@continuedfloat=\count331
Package caption Info: float package is loaded.
Package caption Info: hyperref package is loaded.
Package caption Info: listings package is loaded.
)
\c@subfigure=\count332
\c@subtable=\count333
)
("C:\Users\lecou\AppData\Local\Programs\MiKTeX 2.9\tex/latex/lm\lmodern.sty"
Package: lmodern 2009/10/30 v1.6 Latin Modern Fonts
LaTeX Font Info:    Overwriting symbol font `operators' in version `normal'
(Font)                  OT1/ztmcm/m/n --> OT1/lmr/m/n on input line 22.
LaTeX Font Info:    Overwriting symbol font `letters' in version `normal'
(Font)                  OML/ztmcm/m/it --> OML/lmm/m/it on input line 23.
LaTeX Font Info:    Overwriting symbol font `symbols' in version `normal'
(Font)                  OMS/ztmcm/m/n --> OMS/lmsy/m/n on input line 24.
LaTeX Font Info:    Overwriting symbol font `largesymbols' in version `normal'
(Font)                  OMX/ztmcm/m/n --> OMX/lmex/m/n on input line 25.
LaTeX Font Info:    Overwriting symbol font `operators' in version `bold'
(Font)                  OT1/ztmcm/m/n --> OT1/lmr/bx/n on input line 26.
LaTeX Font Info:    Overwriting symbol font `letters' in version `bold'
(Font)                  OML/ztmcm/m/it --> OML/lmm/b/it on input line 27.
LaTeX Font Info:    Overwriting symbol font `symbols' in version `bold'
(Font)                  OMS/ztmcm/m/n --> OMS/lmsy/b/n on input line 28.
LaTeX Font Info:    Overwriting symbol font `largesymbols' in version `bold'
(Font)                  OMX/ztmcm/m/n --> OMX/lmex/m/n on input line 29.
LaTeX Font Info:    Overwriting math alphabet `\mathbf' in version `normal'
(Font)                  OT1/ptm/bx/n --> OT1/lmr/bx/n on input line 31.
LaTeX Font Info:    Overwriting math alphabet `\mathsf' in version `normal'
(Font)                  OT1/cmss/m/n --> OT1/lmss/m/n on input line 32.
LaTeX Font Info:    Overwriting math alphabet `\mathit' in version `normal'
(Font)                  OT1/ptm/m/it --> OT1/lmr/m/it on input line 33.
LaTeX Font Info:    Overwriting math alphabet `\mathtt' in version `normal'
(Font)                  OT1/cmtt/m/n --> OT1/lmtt/m/n on input line 34.
LaTeX Font Info:    Overwriting math alphabet `\mathbf' in version `bold'
(Font)                  OT1/ptm/bx/n --> OT1/lmr/bx/n on input line 35.
LaTeX Font Info:    Overwriting math alphabet `\mathsf' in version `bold'
(Font)                  OT1/cmss/bx/n --> OT1/lmss/bx/n on input line 36.
LaTeX Font Info:    Overwriting math alphabet `\mathit' in version `bold'
(Font)                  OT1/ptm/m/it --> OT1/lmr/bx/it on input line 37.
LaTeX Font Info:    Overwriting math alphabet `\mathtt' in version `bold'
(Font)                  OT1/cmtt/m/n --> OT1/lmtt/m/n on input line 38.
)
("C:\Users\lecou\AppData\Local\Programs\MiKTeX 2.9\tex/latex/lipsum\lipsum.sty"
("C:\Users\lecou\AppData\Local\Programs\MiKTeX 2.9\tex/latex/l3kernel\expl3.sty
"
Package: expl3 2020-03-06 L3 programming layer (loader) 

("C:\Users\lecou\AppData\Local\Programs\MiKTeX 2.9\tex/latex/l3backend\l3backen
d-pdfmode.def"
File: l3backend-pdfmode.def 2020-03-12 L3 backend support: PDF mode
\l__kernel_color_stack_int=\count334
\l__pdf_internal_box=\box66
))
("C:\Users\lecou\AppData\Local\Programs\MiKTeX 2.9\tex/latex/l3packages/xparse\
xparse.sty"
Package: xparse 2020-03-06 L3 Experimental document command parser
\l__xparse_current_arg_int=\count335
\g__xparse_grabber_int=\count336
\l__xparse_m_args_int=\count337
\l__xparse_v_nesting_int=\count338
)
Package: lipsum 2019/01/02 v2.2 150 paragraphs of Lorem Ipsum dummy text

("C:\Users\lecou\AppData\Local\Programs\MiKTeX 2.9\tex/latex/lipsum\lipsum.ltd.
tex"
File: lipsum.ltd.tex 2019/01/02 v2.2 The Lorem ipsum dummy text
)) (psl-cover.sty
Package: psl-cover 

("C:\Users\lecou\AppData\Local\Programs\MiKTeX 2.9\tex/latex/tools\tabularx.sty
"
Package: tabularx 2020/01/15 v2.11c `tabularx' package (DPC)
\TX@col@width=\dimen309
\TX@old@table=\dimen310
\TX@old@col=\dimen311
\TX@target=\dimen312
\TX@delta=\dimen313
\TX@cols=\count339
\TX@ftn=\toks52
)
("C:\Users\lecou\AppData\Local\Programs\MiKTeX 2.9\tex/latex/etoolbox\etoolbox.
sty"
Package: etoolbox 2019/09/21 v2.5h e-TeX tools for LaTeX (JAW)
\etb@tempcnta=\count340
)
("C:\Users\lecou\AppData\Local\Programs\MiKTeX 2.9\tex/generic/pgf/frontendlaye
r/tikz/libraries\tikzlibrarybackgrounds.code.tex"
File: tikzlibrarybackgrounds.code.tex 2020/01/08 v3.1.5b (3.1.5b)
\pgf@layerbox@background=\box67
\pgf@layerboxsaved@background=\box68
))
("C:\Users\lecou\AppData\Local\Programs\MiKTeX 2.9\tex/latex/siunitx\siunitx.st
y"
Package: siunitx 2020/02/25 v2.8b A comprehensive (SI) units package

("C:\Users\lecou\AppData\Local\Programs\MiKTeX 2.9\tex/latex/l3packages/l3keys2
e\l3keys2e.sty"
Package: l3keys2e 2020-03-06 LaTeX2e option processing using LaTeX3 keys
)
\l__siunitx_tmp_box=\box69
\l__siunitx_tmp_dim=\dimen314
\l__siunitx_tmp_int=\count341
\l__siunitx_number_mantissa_length_int=\count342
\l__siunitx_number_uncert_length_int=\count343
\l__siunitx_round_int=\count344
\l__siunitx_process_decimal_int=\count345
\l__siunitx_process_uncertainty_int=\count346
\l__siunitx_process_fixed_int=\count347
\l__siunitx_process_integer_min_int=\count348
\l__siunitx_process_precision_int=\count349
\l__siunitx_group_min_int=\count350
\l__siunitx_angle_marker_box=\box70
\l__siunitx_angle_unit_box=\box71
\l__siunitx_angle_marker_dim=\dimen315
\l__siunitx_angle_unit_dim=\dimen316
\l__siunitx_unit_int=\count351
\l__siunitx_unit_denominator_int=\count352
\l__siunitx_unit_numerator_int=\count353
\l__siunitx_unit_prefix_int=\count354
\l__siunitx_unit_prefix_base_int=\count355
\l__siunitx_unit_prefix_gram_int=\count356
\l__siunitx_number_product_int=\count357
\c__siunitx_one_fill_skip=\skip84
\l__siunitx_table_unit_align_skip=\skip85
\l__siunitx_table_exponent_dim=\dimen317
\l__siunitx_table_integer_dim=\dimen318
\l__siunitx_table_mantissa_dim=\dimen319
\l__siunitx_table_marker_dim=\dimen320
\l__siunitx_table_result_dim=\dimen321
\l__siunitx_table_uncert_dim=\dimen322
\l__siunitx_table_fill_pre_dim=\dimen323
\l__siunitx_table_fill_post_dim=\dimen324
\l__siunitx_table_fill_mid_dim=\dimen325
\l__siunitx_table_pre_box=\box72
\l__siunitx_table_post_box=\box73
\l__siunitx_table_mantissa_box=\box74
\l__siunitx_table_result_box=\box75
\l__siunitx_table_number_align_skip=\skip86
\l__siunitx_table_text_align_skip=\skip87

("C:\Users\lecou\AppData\Local\Programs\MiKTeX 2.9\tex/latex/translator\transla
tor.sty"
Package: translator 2019-05-31 v1.12a Easy translation of strings in LaTeX
))
("C:\Users\lecou\AppData\Local\Programs\MiKTeX 2.9\tex/latex/xifthen\xifthen.st
y"
Package: xifthen 2015/11/05 v1.4.0 Extended ifthen features

("C:\Users\lecou\AppData\Local\Programs\MiKTeX 2.9\tex/latex/ifmtarg\ifmtarg.st
y"
Package: ifmtarg 2018/04/16 v1.2b check for an empty argument
))
("C:\Users\lecou\AppData\Local\Programs\MiKTeX 2.9\tex/latex/was\gensymb.sty"
Package: gensymb 2003/07/02 v1.0 (WaS)
)
("C:\Users\lecou\AppData\Local\Programs\MiKTeX 2.9\tex/latex/isotope\isotope.st
y"
Package: isotope 2011/08/26 v0.3 for typesetting isotopes
)) (main.aux)
\openout1 = `main.aux'.

LaTeX Font Info:    Checking defaults for OML/cmm/m/it on input line 94.
LaTeX Font Info:    ... okay on input line 94.
LaTeX Font Info:    Checking defaults for OMS/cmsy/m/n on input line 94.
LaTeX Font Info:    ... okay on input line 94.
LaTeX Font Info:    Checking defaults for OT1/cmr/m/n on input line 94.
LaTeX Font Info:    ... okay on input line 94.
LaTeX Font Info:    Checking defaults for T1/cmr/m/n on input line 94.
LaTeX Font Info:    ... okay on input line 94.
LaTeX Font Info:    Checking defaults for TS1/cmr/m/n on input line 94.
LaTeX Font Info:    ... okay on input line 94.
LaTeX Font Info:    Checking defaults for OMX/cmex/m/n on input line 94.
LaTeX Font Info:    ... okay on input line 94.
LaTeX Font Info:    Checking defaults for U/cmr/m/n on input line 94.
LaTeX Font Info:    ... okay on input line 94.
LaTeX Font Info:    Checking defaults for PD1/pdf/m/n on input line 94.
LaTeX Font Info:    ... okay on input line 94.
LaTeX Font Info:    Trying to load font information for T1+lmr on input line 94
.

("C:\Users\lecou\AppData\Local\Programs\MiKTeX 2.9\tex/latex/lm\t1lmr.fd"
File: t1lmr.fd 2009/10/30 v1.6 Font defs for Latin Modern
)
*geometry* driver: auto-detecting
*geometry* detected driver: pdftex
*geometry* verbose mode - [ preamble ] result:
* driver: pdftex
* paper: a4paper
* layout: <same size as paper>
* layoutoffset:(h,v)=(0.0pt,0.0pt)
* modes: twoside 
* h-part:(L,W,R)=(85.35826pt, 426.79135pt, 85.35826pt)
* v-part:(T,H,B)=(85.35826pt, 674.33032pt, 85.35826pt)
* \paperwidth=597.50787pt
* \paperheight=845.04684pt
* \textwidth=426.79135pt
* \textheight=674.33032pt
* \oddsidemargin=13.08827pt
* \evensidemargin=13.08827pt
* \topmargin=-8.91173pt
* \headheight=14.5pt
* \headsep=10.0pt
* \topskip=11.0pt
* \footskip=27.46295pt
* \marginparwidth=71.13188pt
* \marginparsep=7.0pt
* \columnsep=10.0pt
* \skip\footins=10.0pt plus 4.0pt minus 2.0pt
* \hoffset=0.0pt
* \voffset=0.0pt
* \mag=1000
* \@twocolumnfalse
* \@twosidetrue
* \@mparswitchtrue
* \@reversemarginfalse
* (1in=72.27pt=25.4mm, 1cm=28.453pt)


("C:\Users\lecou\AppData\Local\Programs\MiKTeX 2.9\tex/context/base/mkii\supp-p
df.mkii"
[Loading MPS to PDF converter (version 2006.09.02).]
\scratchcounter=\count358
\scratchdimen=\dimen326
\scratchbox=\box76
\nofMPsegments=\count359
\nofMParguments=\count360
\everyMPshowfont=\toks53
\MPscratchCnt=\count361
\MPscratchDim=\dimen327
\MPnumerator=\count362
\makeMPintoPDFobject=\count363
\everyMPtoPDFconversion=\toks54
)
("C:\Users\lecou\AppData\Local\Programs\MiKTeX 2.9\tex/latex/epstopdf-pkg\epsto
pdf-base.sty"
Package: epstopdf-base 2020-01-24 v2.11 Base part for package epstopdf
Package epstopdf-base Info: Redefining graphics rule for `.eps' on input line 4
85.
) ABD: EveryShipout initializing macros
LaTeX Info: Redefining \degres on input line 94.
LaTeX Info: Redefining \dots on input line 94.


Package french.ldf Warning: Please load the "natbib" package
(french.ldf)                BEFORE babel/french; reported on input line 94.

Package french.ldf Info: Setting StandardItemizeEnv=true for
(french.ldf)             compatibility with enumitem package,
(french.ldf)             reported on input line 94.
Package french.ldf Info: Setting StandardEnumerateEnv=true for
(french.ldf)             compatibility with enumitem package,
(french.ldf)             reported on input line 94.
LaTeX Info: Redefining \up on input line 94.
\c@lstlisting=\count364
LaTeX Info: Redefining \microtypecontext on input line 94.
Package microtype Info: Generating PDF output.
Package microtype Info: Character protrusion enabled (level 2).
Package microtype Info: Using default protrusion set `alltext'.
Package microtype Info: Automatic font expansion enabled (level 2),
(microtype)             stretch: 20, shrink: 20, step: 1, non-selected.
Package microtype Info: Using default expansion set `basictext'.
LaTeX Info: Redefining \showhyphens on input line 94.
Package microtype Info: No adjustment of tracking.
Package microtype Info: No adjustment of interword spacing.
Package microtype Info: No adjustment of character kerning.

("C:\Users\lecou\AppData\Local\Programs\MiKTeX 2.9\tex/latex/microtype\mt-cmr.c
fg"
File: mt-cmr.cfg 2013/05/19 v2.2 microtype config. file: Computer Modern Roman 
(RS)
)
\AtBeginShipoutBox=\box77
Package hyperref Info: Link coloring ON on input line 94.

("C:\Users\lecou\AppData\Local\Programs\MiKTeX 2.9\tex/latex/hyperref\nameref.s
ty"
Package: nameref 2019/09/16 v2.46 Cross-referencing by name of section

("C:\Users\lecou\AppData\Local\Programs\MiKTeX 2.9\tex/latex/refcount\refcount.
sty"
Package: refcount 2019/12/15 v3.6 Data extraction from label references (HO)
)
("C:\Users\lecou\AppData\Local\Programs\MiKTeX 2.9\tex/generic/gettitlestring\g
ettitlestring.sty"
Package: gettitlestring 2019/12/15 v1.6 Cleanup title references (HO)
)
\c@section@level=\count365
)
LaTeX Info: Redefining \ref on input line 94.
LaTeX Info: Redefining \pageref on input line 94.
LaTeX Info: Redefining \nameref on input line 94.
Package caption Info: Begin \AtBeginDocument code.
Package caption Info: End \AtBeginDocument code.

("C:\Users\lecou\AppData\Local\Programs\MiKTeX 2.9\tex/latex/translator\transla
tor-basic-dictionary-English.dict"
Dictionary: translator-basic-dictionary, Language: English 
)
("C:\Users\lecou\AppData\Local\Programs\MiKTeX 2.9\tex/latex/siunitx\siunitx-ab
breviations.cfg"
File: siunitx-abbreviations.cfg 2017/11/26 v2.7k siunitx: Abbreviated units
)
LaTeX Info: Redefining \celsius on input line 94.
Package gensymb Info: Faking symbols for \degree and \celsius on input line 94.



Package gensymb Warning: Not defining \perthousand.

LaTeX Info: Redefining \ohm on input line 94.
Package gensymb Info: Using \upOmega for \ohm on input line 94.

Package gensymb Warning: Not defining \micro.

LaTeX Font Info:    Trying to load font information for OT1+lmr on input line 9
4.
("C:\Users\lecou\AppData\Local\Programs\MiKTeX 2.9\tex/latex/lm\ot1lmr.fd"
File: ot1lmr.fd 2009/10/30 v1.6 Font defs for Latin Modern
)
LaTeX Font Info:    Trying to load font information for OML+lmm on input line 9
4.

("C:\Users\lecou\AppData\Local\Programs\MiKTeX 2.9\tex/latex/lm\omllmm.fd"
File: omllmm.fd 2009/10/30 v1.6 Font defs for Latin Modern
)
LaTeX Font Info:    Trying to load font information for OMS+lmsy on input line 
94.

("C:\Users\lecou\AppData\Local\Programs\MiKTeX 2.9\tex/latex/lm\omslmsy.fd"
File: omslmsy.fd 2009/10/30 v1.6 Font defs for Latin Modern
)
LaTeX Font Info:    Trying to load font information for OMX+lmex on input line 
94.

("C:\Users\lecou\AppData\Local\Programs\MiKTeX 2.9\tex/latex/lm\omxlmex.fd"
File: omxlmex.fd 2009/10/30 v1.6 Font defs for Latin Modern
)
LaTeX Font Info:    External font `lmex10' loaded for size
(Font)              <10.95> on input line 94.
LaTeX Font Info:    External font `lmex10' loaded for size
(Font)              <8> on input line 94.
LaTeX Font Info:    External font `lmex10' loaded for size
(Font)              <6> on input line 94.
LaTeX Font Info:    Trying to load font information for OT1+ptm on input line 9
4.

("C:\Users\lecou\AppData\Local\Programs\MiKTeX 2.9\tex/latex/psnfss\ot1ptm.fd"
File: ot1ptm.fd 2001/06/04 font definitions for OT1/ptm.
)
LaTeX Font Info:    Font shape `OT1/ptm/bx/n' in size <10.95> not available
(Font)              Font shape `OT1/ptm/b/n' tried instead on input line 94.

("C:\Users\lecou\AppData\Local\Programs\MiKTeX 2.9\tex/latex/microtype\mt-ptm.c
fg"
File: mt-ptm.cfg 2006/04/20 v1.7 microtype config. file: Times (RS)
)
LaTeX Font Info:    Font shape `OT1/ptm/bx/n' in size <8> not available
(Font)              Font shape `OT1/ptm/b/n' tried instead on input line 94.
LaTeX Font Info:    Font shape `OT1/ptm/bx/n' in size <6> not available
(Font)              Font shape `OT1/ptm/b/n' tried instead on input line 94.

("C:\Users\lecou\AppData\Local\Programs\MiKTeX 2.9\tex/latex/microtype\mt-msa.c
fg"
File: mt-msa.cfg 2006/02/04 v1.1 microtype config. file: AMS symbols (a) (RS)
)
("C:\Users\lecou\AppData\Local\Programs\MiKTeX 2.9\tex/latex/microtype\mt-msb.c
fg"
File: mt-msb.cfg 2005/06/01 v1.0 microtype config. file: AMS symbols (b) (RS)
)
LaTeX Font Info:    Trying to load font information for OT1+lmss on input line 
94.
 ("C:\Users\lecou\AppData\Local\Programs\MiKTeX 2.9\tex/latex/lm\ot1lmss.fd"
File: ot1lmss.fd 2009/10/30 v1.6 Font defs for Latin Modern
)
Package microtype Info: Loading generic protrusion settings for font family
(microtype)             `lmss' (encoding: OT1).
(microtype)             For optimal results, create family-specific settings.
(microtype)             See the microtype manual for details.
LaTeX Font Info:    Trying to load font information for OT1+lmtt on input line 
94.
 ("C:\Users\lecou\AppData\Local\Programs\MiKTeX 2.9\tex/latex/lm\ot1lmtt.fd"
File: ot1lmtt.fd 2009/10/30 v1.6 Font defs for Latin Modern
)
Package microtype Info: Loading generic protrusion settings for font family
(microtype)             `lmtt' (encoding: OT1).
(microtype)             For optimal results, create family-specific settings.
(microtype)             See the microtype manual for details.
LaTeX Font Info:    Trying to load font information for T1+lmss on input line 9
9.
("C:\Users\lecou\AppData\Local\Programs\MiKTeX 2.9\tex/latex/lm\t1lmss.fd"
File: t1lmss.fd 2009/10/30 v1.6 Font defs for Latin Modern
)
Package microtype Info: Loading generic protrusion settings for font family
(microtype)             `lmss' (encoding: T1).
(microtype)             For optimal results, create family-specific settings.
(microtype)             See the microtype manual for details.

(main.toc
LaTeX Font Info:    External font `lmex10' loaded for size
(Font)              <10> on input line 24.
LaTeX Font Info:    External font `lmex10' loaded for size
(Font)              <7.4> on input line 24.
LaTeX Font Info:    Font shape `OT1/ptm/bx/n' in size <10> not available
(Font)              Font shape `OT1/ptm/b/n' tried instead on input line 24.
LaTeX Font Info:    Font shape `OT1/ptm/bx/n' in size <7.4> not available
(Font)              Font shape `OT1/ptm/b/n' tried instead on input line 24.
 [1


{C:/Users/lecou/AppData/Local/MiKTeX/2.9/pdftex/config/pdftex.map}] [2] [3])
\tf@toc=\write5
\openout5 = `main.toc'.

 (Chapters/Introduction.tex [4]
Chapitre 1.
[5

]
<Fig/Introduction/AL3D.pdf, id=390, 519.4465pt x 104.2945pt>
File: Fig/Introduction/AL3D.pdf Graphic file (type pdf)
<use Fig/Introduction/AL3D.pdf>
Package pdftex.def Info: Fig/Introduction/AL3D.pdf  used on input line 47.
(pdftex.def)             Requested size: 426.79135pt x 85.69229pt.
Package microtype Info: Character `029' is missing
(microtype)             in font `T1/lmr/m/sc/10.95'.
(microtype)             Ignoring protrusion settings for this character.
 [6] [7 <./Fig/Introduction/AL3D.pdf>]
Underfull \hbox (badness 10000) in paragraph at lines 77--78

 []


Underfull \hbox (badness 10000) in paragraph at lines 79--80

 []


Underfull \hbox (badness 10000) in paragraph at lines 81--82

 []


Underfull \hbox (badness 10000) in paragraph at lines 83--84

 []


Underfull \hbox (badness 10000) in paragraph at lines 85--86

 []

[8]) (Chapters/Localisation.tex [9] [10

]
Chapitre 2.
[11] [12]
<Fig/Localisation/diffusion_classique.pdf, id=484, 423.44238pt x 193.59613pt>
File: Fig/Localisation/diffusion_classique.pdf Graphic file (type pdf)
<use Fig/Localisation/diffusion_classique.pdf>
Package pdftex.def Info: Fig/Localisation/diffusion_classique.pdf  used on inpu
t line 49.
(pdftex.def)             Requested size: 426.79135pt x 195.12878pt.
 [13 <./Fig/Localisation/diffusion_classique.pdf>] [14]
<Fig/Localisation/localisation_faible.pdf, id=1112, 450.30333pt x 181.71753pt>
File: Fig/Localisation/localisation_faible.pdf Graphic file (type pdf)
<use Fig/Localisation/localisation_faible.pdf>
Package pdftex.def Info: Fig/Localisation/localisation_faible.pdf  used on inpu
t line 113.
(pdftex.def)             Requested size: 384.1096pt x 155.01239pt.
 [15 <./Fig/Localisation/localisation_faible.pdf>] [16]
<Fig/Localisation/transition_anderson.pdf, id=4174, 463.80559pt x 155.15831pt>
File: Fig/Localisation/transition_anderson.pdf Graphic file (type pdf)
<use Fig/Localisation/transition_anderson.pdf>
Package pdftex.def Info: Fig/Localisation/transition_anderson.pdf  used on inpu
t line 191.
(pdftex.def)             Requested size: 426.79135pt x 142.78288pt.

Underfull \vbox (badness 10000) has occurred while \output is active []

 [17 <./Fig/Localisation/transition_anderson.pdf>] [18]
<Fig/Localisation/experiences_localisation_anderson.pdf, id=6055, 525.86888pt x
 277.01993pt>
File: Fig/Localisation/experiences_localisation_anderson.pdf Graphic file (type
 pdf)
<use Fig/Localisation/experiences_localisation_anderson.pdf>
Package pdftex.def Info: Fig/Localisation/experiences_localisation_anderson.pdf
  used on input line 238.
(pdftex.def)             Requested size: 426.79135pt x 224.83719pt.
 [19 <./Fig/Localisation/experiences_localisation_anderson.pdf>]
<Fig/Localisation/localisation_1D_atomes.pdf, id=6292, 470.89038pt x 205.39243p
t>
File: Fig/Localisation/localisation_1D_atomes.pdf Graphic file (type pdf)
<use Fig/Localisation/localisation_1D_atomes.pdf>
Package pdftex.def Info: Fig/Localisation/localisation_1D_atomes.pdf  used on i
nput line 269.
(pdftex.def)             Requested size: 426.79135pt x 186.16148pt.
 [20]
Underfull \vbox (badness 6842) has occurred while \output is active []

 [21 <./Fig/Localisation/localisation_1D_atomes.pdf>]
<Fig/Localisation/localisation_3D_atomes_v1.pdf, id=6354, 458.34123pt x 133.816
35pt>
File: Fig/Localisation/localisation_3D_atomes_v1.pdf Graphic file (type pdf)
<use Fig/Localisation/localisation_3D_atomes_v1.pdf>
Package pdftex.def Info: Fig/Localisation/localisation_3D_atomes_v1.pdf  used o
n input line 296.
(pdftex.def)             Requested size: 426.79135pt x 124.61124pt.
<Fig/Localisation/kicked_rotor.pdf, id=6364, 288.69308pt x 208.12563pt>
File: Fig/Localisation/kicked_rotor.pdf Graphic file (type pdf)
<use Fig/Localisation/kicked_rotor.pdf>
Package pdftex.def Info: Fig/Localisation/kicked_rotor.pdf  used on input line 
312.
(pdftex.def)             Requested size: 256.07741pt x 184.61511pt.

Underfull \vbox (badness 2237) has occurred while \output is active []

 [22 <./Fig/Localisation/localisation_3D_atomes_v1.pdf>] [23 <./Fig/Localisatio
n/kicked_rotor.pdf>]
LaTeX Font Info:    External font `lmex10' loaded for size
(Font)              <9> on input line 339.
LaTeX Font Info:    External font `lmex10' loaded for size
(Font)              <7> on input line 339.
LaTeX Font Info:    External font `lmex10' loaded for size
(Font)              <5> on input line 339.
LaTeX Font Info:    Font shape `OT1/ptm/bx/n' in size <9> not available
(Font)              Font shape `OT1/ptm/b/n' tried instead on input line 339.
LaTeX Font Info:    Font shape `OT1/ptm/bx/n' in size <7> not available
(Font)              Font shape `OT1/ptm/b/n' tried instead on input line 339.
LaTeX Font Info:    Font shape `OT1/ptm/bx/n' in size <5> not available
(Font)              Font shape `OT1/ptm/b/n' tried instead on input line 339.
 [24]
<Fig/Localisation/experience_palaiseau.pdf, id=6617, 372.49123pt x 268.79498pt>

File: Fig/Localisation/experience_palaiseau.pdf Graphic file (type pdf)
<use Fig/Localisation/experience_palaiseau.pdf>
Package pdftex.def Info: Fig/Localisation/experience_palaiseau.pdf  used on inp
ut line 382.
(pdftex.def)             Requested size: 426.79135pt x 307.99623pt.
<Fig/Localisation/experience_florence.pdf, id=6623, 502.47177pt x 423.87253pt>
File: Fig/Localisation/experience_florence.pdf Graphic file (type pdf)
<use Fig/Localisation/experience_florence.pdf>
Package pdftex.def Info: Fig/Localisation/experience_florence.pdf  used on inpu
t line 395.
(pdftex.def)             Requested size: 426.79135pt x 360.02817pt.
 [25] [26 <./Fig/Localisation/experience_palaiseau.pdf>] [27 <./Fig/Localisatio
n/experience_florence.pdf>]
<Fig/Localisation/delande_expvsth.pdf, id=7059, 349.80762pt x 298.66583pt>
File: Fig/Localisation/delande_expvsth.pdf Graphic file (type pdf)
<use Fig/Localisation/delande_expvsth.pdf>
Package pdftex.def Info: Fig/Localisation/delande_expvsth.pdf  used on input li
ne 422.
(pdftex.def)             Requested size: 256.07741pt x 218.65314pt.

Underfull \vbox (badness 1231) has occurred while \output is active []

 [28]
<Fig/Localisation/spectroscopie_anderson.pdf, id=7069, 452.456pt x 142.77167pt>

File: Fig/Localisation/spectroscopie_anderson.pdf Graphic file (type pdf)
<use Fig/Localisation/spectroscopie_anderson.pdf>
Package pdftex.def Info: Fig/Localisation/spectroscopie_anderson.pdf  used on i
nput line 450.
(pdftex.def)             Requested size: 426.79135pt x 134.6781pt.

Underfull \vbox (badness 10000) has occurred while \output is active []

 [29 <./Fig/Localisation/delande_expvsth.pdf>]) (Chapters/BEC_manip.tex [30 <./
Fig/Localisation/spectroscopie_anderson.pdf>]
Chapitre 3.
[31

]
<./Fig/../Fig/BEC_manip/stat_bose.pdf, id=7163, 403.5041pt x 116.06998pt>
File: ./Fig/../Fig/BEC_manip/stat_bose.pdf Graphic file (type pdf)
<use ./Fig/../Fig/BEC_manip/stat_bose.pdf>
Package pdftex.def Info: ./Fig/../Fig/BEC_manip/stat_bose.pdf  used on input li
ne 28.
(pdftex.def)             Requested size: 426.79135pt x 122.7679pt.
 [32 <./Fig/../Fig/BEC_manip/stat_bose.pdf>] [33] [34]
<./Fig/../Fig/BEC_manip/thomas_fermi.pdf, id=7547, 457.74942pt x 163.38528pt>
File: ./Fig/../Fig/BEC_manip/thomas_fermi.pdf Graphic file (type pdf)
<use ./Fig/../Fig/BEC_manip/thomas_fermi.pdf>
Package pdftex.def Info: ./Fig/../Fig/BEC_manip/thomas_fermi.pdf  used on input
 line 119.
(pdftex.def)             Requested size: 426.79135pt x 152.34312pt.
 [35 <./Fig/../Fig/BEC_manip/thomas_fermi.pdf>]
LaTeX Font Info:    External font `lmex10' loaded for size
(Font)              <12> on input line 134.
LaTeX Font Info:    Font shape `OT1/ptm/bx/n' in size <12> not available
(Font)              Font shape `OT1/ptm/b/n' tried instead on input line 134.


Package hyperref Warning: Token not allowed in a PDF string (PDFDocEncoding):
(hyperref)                removing `\isotope' on input line 134.

<./Fig/../Fig/BEC_manip/Rb87.pdf, id=7569, 440.87213pt x 257.70801pt>
File: ./Fig/../Fig/BEC_manip/Rb87.pdf Graphic file (type pdf)
<use ./Fig/../Fig/BEC_manip/Rb87.pdf>
Package pdftex.def Info: ./Fig/../Fig/BEC_manip/Rb87.pdf  used on input line 18
4.
(pdftex.def)             Requested size: 341.43437pt x 199.59186pt.

Underfull \vbox (badness 10000) has occurred while \output is active []

 [36]
[37 <./Fig/../Fig/BEC_manip/Rb87.pdf>]
LaTeX Font Info:    Trying to load font information for TS1+lmr on input line 2
18.

("C:\Users\lecou\AppData\Local\Programs\MiKTeX 2.9\tex/latex/lm\ts1lmr.fd"
File: ts1lmr.fd 2009/10/30 v1.6 Font defs for Latin Modern
)
[38] [39] [40]
<./Fig/../Fig/BEC_manip/rabi.pdf, id=7733, 754.06688pt x 264.8047pt>
File: ./Fig/../Fig/BEC_manip/rabi.pdf Graphic file (type pdf)
<use ./Fig/../Fig/BEC_manip/rabi.pdf>
Package pdftex.def Info: ./Fig/../Fig/BEC_manip/rabi.pdf  used on input line 33
9.
(pdftex.def)             Requested size: 426.79135pt x 149.87352pt.
 [41 <./Fig/../Fig/BEC_manip/rabi.pdf>]
<./Fig/../Fig/BEC_manip/manip.pdf, id=7877, 433.61185pt x 283.43782pt>
File: ./Fig/../Fig/BEC_manip/manip.pdf Graphic file (type pdf)
<use ./Fig/../Fig/BEC_manip/manip.pdf>
Package pdftex.def Info: ./Fig/../Fig/BEC_manip/manip.pdf  used on input line 3
57.
(pdftex.def)             Requested size: 426.79135pt x 278.98679pt.
 [42 <./Fig/../Fig/BEC_manip/manip.pdf>]
<./Fig/../Fig/BEC_manip/table_optique2.pdf, id=7899, 436.53725pt x 348.388pt>
File: ./Fig/../Fig/BEC_manip/table_optique2.pdf Graphic file (type pdf)
<use ./Fig/../Fig/BEC_manip/table_optique2.pdf>
Package pdftex.def Info: ./Fig/../Fig/BEC_manip/table_optique2.pdf  used on inp
ut line 376.
(pdftex.def)             Requested size: 341.43437pt x 272.49107pt.
 [43] [44 <./Fig/../Fig/BEC_manip/table_optique2.pdf>]
<./Fig/../Fig/BEC_manip/MOT_magtrap.pdf, id=7914, 360.07681pt x 197.41502pt>
File: ./Fig/../Fig/BEC_manip/MOT_magtrap.pdf Graphic file (type pdf)
<use ./Fig/../Fig/BEC_manip/MOT_magtrap.pdf>
Package pdftex.def Info: ./Fig/../Fig/BEC_manip/MOT_magtrap.pdf  used on input 
line 393.
(pdftex.def)             Requested size: 426.79135pt x 233.999pt.

Underfull \vbox (badness 10000) has occurred while \output is active []

 [45 <./Fig/../Fig/BEC_manip/MOT_magtrap.pdf>]
<./Fig/../Fig/BEC_manip/evapRF.pdf, id=7999, 388.57635pt x 204.5393pt>
File: ./Fig/../Fig/BEC_manip/evapRF.pdf Graphic file (type pdf)
<use ./Fig/../Fig/BEC_manip/evapRF.pdf>
Package pdftex.def Info: ./Fig/../Fig/BEC_manip/evapRF.pdf  used on input line 
419.
(pdftex.def)             Requested size: 384.1096pt x 202.19177pt.
 [46]
<./Fig/../Fig/BEC_manip/piege_optique2.pdf, id=8012, 423.59935pt x 236.41693pt>

File: ./Fig/../Fig/BEC_manip/piege_optique2.pdf Graphic file (type pdf)
<use ./Fig/../Fig/BEC_manip/piege_optique2.pdf>
Package pdftex.def Info: ./Fig/../Fig/BEC_manip/piege_optique2.pdf  used on inp
ut line 437.
(pdftex.def)             Requested size: 384.1096pt x 214.37856pt.
 [47 <./Fig/../Fig/BEC_manip/evapRF.pdf>] [48 <./Fig/../Fig/BEC_manip/piege_opt
ique2.pdf>]
<./Fig/../Fig/BEC_manip/levitation_simple.pdf, id=9354, 252.72139pt x 181.7081p
t>
File: ./Fig/../Fig/BEC_manip/levitation_simple.pdf Graphic file (type pdf)
<use ./Fig/../Fig/BEC_manip/levitation_simple.pdf>
Package pdftex.def Info: ./Fig/../Fig/BEC_manip/levitation_simple.pdf  used on 
input line 462.
(pdftex.def)             Requested size: 252.72076pt x 181.70764pt.
 [49 <./Fig/../Fig/BEC_manip/levitation_simple.pdf>]
<./Fig/../Fig/BEC_manip/BEC_double_struct.pdf, id=9471, 412.8108pt x 175.07729p
t>
File: ./Fig/../Fig/BEC_manip/BEC_double_struct.pdf Graphic file (type pdf)
<use ./Fig/../Fig/BEC_manip/BEC_double_struct.pdf>
Package pdftex.def Info: ./Fig/../Fig/BEC_manip/BEC_double_struct.pdf  used on 
input line 484.
(pdftex.def)             Requested size: 384.1096pt x 162.9137pt.
 [50 <./Fig/../Fig/BEC_manip/BEC_double_struct.pdf>]
<./Fig/../Fig/BEC_manip/adia_opening_and_delta_kick2.pdf, id=9561, 765.07376pt 
x 306.00864pt>
File: ./Fig/../Fig/BEC_manip/adia_opening_and_delta_kick2.pdf Graphic file (typ
e pdf)
<use ./Fig/../Fig/BEC_manip/adia_opening_and_delta_kick2.pdf>
Package pdftex.def Info: ./Fig/../Fig/BEC_manip/adia_opening_and_delta_kick2.pd
f  used on input line 509.
(pdftex.def)             Requested size: 426.79135pt x 170.70528pt.

[51]
<./Fig/../Fig/BEC_manip/img_mot.pdf, id=9575, 431.52072pt x 114.65497pt>
File: ./Fig/../Fig/BEC_manip/img_mot.pdf Graphic file (type pdf)
<use ./Fig/../Fig/BEC_manip/img_mot.pdf>
Package pdftex.def Info: ./Fig/../Fig/BEC_manip/img_mot.pdf  used on input line
 545.
(pdftex.def)             Requested size: 426.79135pt x 113.40204pt.

Underfull \vbox (badness 6575) has occurred while \output is active []

 [52 <./Fig/../Fig/BEC_manip/adia_opening_and_delta_kick2.pdf>]
<./Fig/../Fig/BEC_manip/img_science_3.pdf, id=10266, 318.99263pt x 189.45609pt>

File: ./Fig/../Fig/BEC_manip/img_science_3.pdf Graphic file (type pdf)
<use ./Fig/../Fig/BEC_manip/img_science_3.pdf>
Package pdftex.def Info: ./Fig/../Fig/BEC_manip/img_science_3.pdf  used on inpu
t line 563.
(pdftex.def)             Requested size: 318.99184pt x 189.45561pt.
 [53 <./Fig/../Fig/BEC_manip/img_mot.pdf>] [54 <./Fig/../Fig/BEC_manip/img_scie
nce_3.pdf>])
(Chapters/Modif_exp.tex [55] [56

]
Chapitre 4.
[57]
<./Fig/../Fig/Modif_exp/cicero.png, id=10406, 510.40688pt x 514.92375pt>
File: ./Fig/../Fig/Modif_exp/cicero.png Graphic file (type png)
<use ./Fig/../Fig/Modif_exp/cicero.png>
Package pdftex.def Info: ./Fig/../Fig/Modif_exp/cicero.png  used on input line 
29.
(pdftex.def)             Requested size: 298.75264pt x 301.41382pt.

Overfull \hbox (2.34114pt too wide) in paragraph at lines 39--39
|[]\T1/lmss/bx/n/12 Dveloppement d'une nou-velle in-ter-face d'ac-qui-si-tion 
et de trai-te-ment d'images| 
 []


Underfull \vbox (badness 2970) has occurred while \output is active []

 [58]
[59 <./Fig/../Fig/Modif_exp/cicero.png>] [60]
<./Fig/../Fig/Modif_exp/levitation_refroidissement.pdf, id=10437, 470.89154pt x
 229.2899pt>
File: ./Fig/../Fig/Modif_exp/levitation_refroidissement.pdf Graphic file (type 
pdf)
<use ./Fig/../Fig/Modif_exp/levitation_refroidissement.pdf>
Package pdftex.def Info: ./Fig/../Fig/Modif_exp/levitation_refroidissement.pdf 
 used on input line 82.
(pdftex.def)             Requested size: 426.79135pt x 207.82143pt.
 [61 <./Fig/../Fig/Modif_exp/levitation_refroidissement.pdf>] [62]
<./Fig/../Fig/Modif_exp/levitation_etats.pdf, id=10512, 529.10655pt x 366.34715
pt>
File: ./Fig/../Fig/Modif_exp/levitation_etats.pdf Graphic file (type pdf)
<use ./Fig/../Fig/Modif_exp/levitation_etats.pdf>
Package pdftex.def Info: ./Fig/../Fig/Modif_exp/levitation_etats.pdf  used on i
nput line 122.
(pdftex.def)             Requested size: 341.43437pt x 236.40668pt.

Underfull \vbox (badness 1629) has occurred while \output is active []

 [63 <./Fig/../Fig/Modif_exp/levitation_etats.pdf>]
<./Fig/../Fig/Modif_exp/levitation_RF.pdf, id=10521, 563.3009pt x 209.90251pt>
File: ./Fig/../Fig/Modif_exp/levitation_RF.pdf Graphic file (type pdf)
<use ./Fig/../Fig/Modif_exp/levitation_RF.pdf>
Package pdftex.def Info: ./Fig/../Fig/Modif_exp/levitation_RF.pdf  used on inpu
t line 141.
(pdftex.def)             Requested size: 426.79135pt x 159.0375pt.


LaTeX Warning: `!h' float specifier changed to `!ht'.

[64 <./Fig/../Fig/Modif_exp/levitation_RF.pdf>] [65]
<./Fig/../Fig/Modif_exp/oscillation_levitation.pdf, id=10545, 546.86694pt x 189
.55855pt>
File: ./Fig/../Fig/Modif_exp/oscillation_levitation.pdf Graphic file (type pdf)

<use ./Fig/../Fig/Modif_exp/oscillation_levitation.pdf>
Package pdftex.def Info: ./Fig/../Fig/Modif_exp/oscillation_levitation.pdf  use
d on input line 223.
(pdftex.def)             Requested size: 426.79135pt x 147.94183pt.
 [66 <./Fig/../Fig/Modif_exp/oscillation_levitation.pdf>] [67]
<./Fig/../Fig/Modif_exp/optique_1070_new_style.pdf, id=10568, 454.72154pt x 306
.19962pt>
File: ./Fig/../Fig/Modif_exp/optique_1070_new_style.pdf Graphic file (type pdf)

<use ./Fig/../Fig/Modif_exp/optique_1070_new_style.pdf>
Package pdftex.def Info: ./Fig/../Fig/Modif_exp/optique_1070_new_style.pdf  use
d on input line 302.
(pdftex.def)             Requested size: 426.79135pt x 287.38849pt.
 [68] [69 <./Fig/../Fig/Modif_exp/optique_1070_new_style.pdf>]
<./Fig/../Fig/Modif_exp/expansion_dimple.pdf, id=11128, 461.32204pt x 320.72536
pt>
File: ./Fig/../Fig/Modif_exp/expansion_dimple.pdf Graphic file (type pdf)
<use ./Fig/../Fig/Modif_exp/expansion_dimple.pdf>
Package pdftex.def Info: ./Fig/../Fig/Modif_exp/expansion_dimple.pdf  used on i
nput line 330.
(pdftex.def)             Requested size: 341.43437pt x 237.37708pt.
 [70 <./Fig/../Fig/Modif_exp/expansion_dimple.pdf>] [71]
<./Fig/../Fig/Modif_exp/frequences_piege_optique.pdf, id=11151, 562.97038pt x 2
09.03256pt>
File: ./Fig/../Fig/Modif_exp/frequences_piege_optique.pdf Graphic file (type pd
f)
<use ./Fig/../Fig/Modif_exp/frequences_piege_optique.pdf>
Package pdftex.def Info: ./Fig/../Fig/Modif_exp/frequences_piege_optique.pdf  u
sed on input line 373.
(pdftex.def)             Requested size: 426.79135pt x 158.4677pt.

Underfull \vbox (badness 10000) has occurred while \output is active []

 [72 <./Fig/../Fig/Modif_exp/frequences_piege_optique.pdf>] [73] [74] [75] [76]
 [77]
<Fig/Modif_exp/comparaison_consignes_evap.pdf, id=11245, 348.21625pt x 238.4017
pt>
File: Fig/Modif_exp/comparaison_consignes_evap.pdf Graphic file (type pdf)
<use Fig/Modif_exp/comparaison_consignes_evap.pdf>
Package pdftex.def Info: Fig/Modif_exp/comparaison_consignes_evap.pdf  used on 
input line 568.
(pdftex.def)             Requested size: 298.75264pt x 204.55219pt.

[78 <./Fig/Modif_exp/comparaison_consignes_evap.pdf>] [79]
<Fig/Modif_exp/focalisation_atomique.pdf, id=11277, 512.08612pt x 209.60849pt>
File: Fig/Modif_exp/focalisation_atomique.pdf Graphic file (type pdf)
<use Fig/Modif_exp/focalisation_atomique.pdf>
Package pdftex.def Info: Fig/Modif_exp/focalisation_atomique.pdf  used on input
 line 617.
(pdftex.def)             Requested size: 426.79135pt x 174.701pt.
<Fig/Modif_exp/Evolution_temprature_eta.pdf, id=11282, 367.07071pt x 254.4134
2pt>
File: Fig/Modif_exp/Evolution_temprature_eta.pdf Graphic file (type pdf)
<use Fig/Modif_exp/Evolution_temprature_eta.pdf>
Package pdftex.def Info: Fig/Modif_exp/Evolution_temprature_eta.pdf  used on 
input line 630.
(pdftex.def)             Requested size: 298.75264pt x 207.06364pt.
 [80] [81 <./Fig/Modif_exp/focalisation_atomique.pdf> <./Fig/Modif_exp/Evolutio
n_temprature_eta.pdf

pdfTeX warning: pdflatex (file ./Fig/Modif_exp/Evolution_temprature_eta.pdf):
 PDF inclusion: multiple pdfs with page group included in a single page
>]
<Fig/modif_exp/Nombre_atomes_evap.pdf, id=11351, 385.9038pt x 293.77733pt>
File: Fig/modif_exp/Nombre_atomes_evap.pdf Graphic file (type pdf)
<use Fig/modif_exp/Nombre_atomes_evap.pdf>
Package pdftex.def Info: Fig/modif_exp/Nombre_atomes_evap.pdf  used on input li
ne 652.
(pdftex.def)             Requested size: 298.75264pt x 227.44644pt.
 [82 <./Fig/modif_exp/Nombre_atomes_evap.pdf>]
<Fig/Modif_exp/efficacit_vaporation_optique.pdf, id=11370, 397.40723pt x 28
4.76048pt>
File: Fig/Modif_exp/efficacit_vaporation_optique.pdf Graphic file (type pdf
)
<use Fig/Modif_exp/efficacit_vaporation_optique.pdf>
Package pdftex.def Info: Fig/Modif_exp/efficacit_vaporation_optique.pdf  us
ed on input line 667.
(pdftex.def)             Requested size: 341.43437pt x 244.65025pt.
) (Chapters/Speckle.tex
[83 <./Fig/Modif_exp/efficacit_vaporation_optique.pdf>] [84

]
Chapitre 5.
[85]
<Fig/Speckle/speckle_pattern.pdf, id=11393, 404.94328pt x 187.88626pt>
File: Fig/Speckle/speckle_pattern.pdf Graphic file (type pdf)
<use Fig/Speckle/speckle_pattern.pdf>
Package pdftex.def Info: Fig/Speckle/speckle_pattern.pdf  used on input line 21
.
(pdftex.def)             Requested size: 384.1096pt x 178.22144pt.
 [86 <./Fig/Speckle/speckle_pattern.pdf>] [87]
<Fig/Speckle/diffus_prop.pdf, id=11478, 300.06396pt x 226.78568pt>
File: Fig/Speckle/diffus_prop.pdf Graphic file (type pdf)
<use Fig/Speckle/diffus_prop.pdf>
Package pdftex.def Info: Fig/Speckle/diffus_prop.pdf  used on input line 80.
(pdftex.def)             Requested size: 300.06323pt x 226.78511pt.


Package caption Warning: \label without proper reference on input line 81.
See the caption package documentation for explanation.


LaTeX Warning: Reference `fig:diffus_prop' on page 88 undefined on input line 9
1.

[88 <./Fig/Speckle/diffus_prop.pdf>]
<Fig/Speckle/montage_speckle_taus.pdf, id=11588, 492.05545pt x 235.88567pt>
File: Fig/Speckle/montage_speckle_taus.pdf Graphic file (type pdf)
<use Fig/Speckle/montage_speckle_taus.pdf>
Package pdftex.def Info: Fig/Speckle/montage_speckle_taus.pdf  used on input li
ne 116.
(pdftex.def)             Requested size: 426.79135pt x 204.60698pt.

Underfull \vbox (badness 10000) has occurred while \output is active []

 [89 <./Fig/Speckle/montage_speckle_taus.pdf>]
<Fig/Speckle/montage_diffuseur.pdf, id=12187, 489.34206pt x 294.36562pt>
File: Fig/Speckle/montage_diffuseur.pdf Graphic file (type pdf)
<use Fig/Speckle/montage_diffuseur.pdf>
Package pdftex.def Info: Fig/Speckle/montage_diffuseur.pdf  used on input line 
146.
(pdftex.def)             Requested size: 384.1096pt x 231.07301pt.
 [90] [91 <./Fig/Speckle/montage_diffuseur.pdf>]
<Fig/Speckle/geometrie_effective_speckle.pdf, id=12230, 327.5211pt x 219.06755p
t>
File: Fig/Speckle/geometrie_effective_speckle.pdf Graphic file (type pdf)
<use Fig/Speckle/geometrie_effective_speckle.pdf>
Package pdftex.def Info: Fig/Speckle/geometrie_effective_speckle.pdf  used on i
nput line 167.
(pdftex.def)             Requested size: 294.76625pt x 197.15895pt.
 [92 <./Fig/Speckle/geometrie_effective_speckle.pdf>] [93]
<Fig/Speckle/speckle_extension.pdf, id=12309, 481.08609pt x 201.40439pt>
File: Fig/Speckle/speckle_extension.pdf Graphic file (type pdf)
<use Fig/Speckle/speckle_extension.pdf>
Package pdftex.def Info: Fig/Speckle/speckle_extension.pdf  used on input line 
218.
(pdftex.def)             Requested size: 426.79135pt x 178.68079pt.
 [94 <./Fig/Speckle/speckle_extension.pdf>] [95]
<Fig/Speckle/correlation_speckle.pdf, id=12504, 474.40244pt x 204.32954pt>
File: Fig/Speckle/correlation_speckle.pdf Graphic file (type pdf)
<use Fig/Speckle/correlation_speckle.pdf>
Package pdftex.def Info: Fig/Speckle/correlation_speckle.pdf  used on input lin
e 276.
(pdftex.def)             Requested size: 426.79135pt x 183.83252pt.

Underfull \vbox (badness 2326) has occurred while \output is active []

 [96 <./Fig/Speckle/correlation_speckle.pdf>] [97] [98]
<Fig/Speckle/speckle_correlations_exp.pdf, id=12777, 533.51053pt x 174.36984pt>

File: Fig/Speckle/speckle_correlations_exp.pdf Graphic file (type pdf)
<use Fig/Speckle/speckle_correlations_exp.pdf>
Package pdftex.def Info: Fig/Speckle/speckle_correlations_exp.pdf  used on inpu
t line 395.
(pdftex.def)             Requested size: 426.79135pt x 139.49072pt.
 [99] [100 <./Fig/Speckle/speckle_correlations_exp.pdf>] [101]
<Fig/Speckle/distribution_potentiel.pdf, id=12823, 374.98036pt x 249.39107pt>
File: Fig/Speckle/distribution_potentiel.pdf Graphic file (type pdf)
<use Fig/Speckle/distribution_potentiel.pdf>
Package pdftex.def Info: Fig/Speckle/distribution_potentiel.pdf  used on input 
line 480.
(pdftex.def)             Requested size: 405.45047pt x 269.66179pt.
 [102] [103 <./Fig/Speckle/distribution_potentiel.pdf>]
<Fig/Speckle/principe_potentiel_etat_interne.pdf, id=12889, 355.09534pt x 220.2
7208pt>
File: Fig/Speckle/principe_potentiel_etat_interne.pdf Graphic file (type pdf)
<use Fig/Speckle/principe_potentiel_etat_interne.pdf>
Package pdftex.def Info: Fig/Speckle/principe_potentiel_etat_interne.pdf  used 
on input line 506.
(pdftex.def)             Requested size: 362.77525pt x 225.03416pt.
 [104 <./Fig/Speckle/principe_potentiel_etat_interne.pdf>]
<Fig/Speckle/potentiel_dipolaire_hyperfin.pdf, id=12904, 388.47842pt x 254.2505
6pt>
File: Fig/Speckle/potentiel_dipolaire_hyperfin.pdf Graphic file (type pdf)
<use Fig/Speckle/potentiel_dipolaire_hyperfin.pdf>
Package pdftex.def Info: Fig/Speckle/potentiel_dipolaire_hyperfin.pdf  used on 
input line 530.
(pdftex.def)             Requested size: 384.1096pt x 251.39459pt.
 [105 <./Fig/Speckle/potentiel_dipolaire_hyperfin.pdf>]
<Fig/Speckle/montage_speckle_specfunc.pdf, id=12986, 492.05545pt x 235.88567pt>

File: Fig/Speckle/montage_speckle_specfunc.pdf Graphic file (type pdf)
<use Fig/Speckle/montage_speckle_specfunc.pdf>
Package pdftex.def Info: Fig/Speckle/montage_speckle_specfunc.pdf  used on inpu
t line 549.
(pdftex.def)             Requested size: 426.79135pt x 204.60698pt.
 [106 <./Fig/Speckle/montage_speckle_specfunc.pdf>] [107]
<Fig/Speckle/speckle_bichromatique.pdf, id=13606, 507.09283pt x 203.79584pt>
File: Fig/Speckle/speckle_bichromatique.pdf Graphic file (type pdf)
<use Fig/Speckle/speckle_bichromatique.pdf>
Package pdftex.def Info: Fig/Speckle/speckle_bichromatique.pdf  used on input l
ine 606.
(pdftex.def)             Requested size: 426.79135pt x 171.5325pt.
 [108] [109 <./Fig/Speckle/speckle_bichromatique.pdf>]

Package mathptmx Warning: There are no bold math fonts on input line 670.

[110] [111]
<Fig/Speckle/illustration_correlation_double_speckle.pdf, id=13683, 474.40244pt
 x 204.32954pt>
File: Fig/Speckle/illustration_correlation_double_speckle.pdf Graphic file (typ
e pdf)
<use Fig/Speckle/illustration_correlation_double_speckle.pdf>
Package pdftex.def Info: Fig/Speckle/illustration_correlation_double_speckle.pd
f  used on input line 735.
(pdftex.def)             Requested size: 426.79135pt x 183.83252pt.
 [112]
Underfull \vbox (badness 4792) has occurred while \output is active []

 [113 <./Fig/Speckle/illustration_correlation_double_speckle.pdf>] [114]
<Fig/Speckle/montage_speckle_bichromatique.pdf, id=13885, 598.84573pt x 274.449
39pt>
File: Fig/Speckle/montage_speckle_bichromatique.pdf Graphic file (type pdf)
<use Fig/Speckle/montage_speckle_bichromatique.pdf>
Package pdftex.def Info: Fig/Speckle/montage_speckle_bichromatique.pdf  used on
 input line 798.
(pdftex.def)             Requested size: 426.79135pt x 195.59746pt.
 [115 <./Fig/Speckle/montage_speckle_bichromatique.pdf>]) (Chapters/Taus_PRL.te
x [116]
Chapitre 6.

Underfull \vbox (badness 10000) has occurred while \output is active []

 [117

]
<Fig/TauS_PRL/illustration_contexte_taus.pdf, id=14790, 234.62099pt x 133.5281p
t>
File: Fig/TauS_PRL/illustration_contexte_taus.pdf Graphic file (type pdf)
<use Fig/TauS_PRL/illustration_contexte_taus.pdf>
Package pdftex.def Info: Fig/TauS_PRL/illustration_contexte_taus.pdf  used on i
nput line 22.
(pdftex.def)             Requested size: 234.62039pt x 133.52777pt.

[118 <./Fig/TauS_PRL/illustration_contexte_taus.pdf>]
<Fig/TauS_PRL/desordre_2D.pdf, id=14843, 516.13782pt x 219.69249pt>
File: Fig/TauS_PRL/desordre_2D.pdf Graphic file (type pdf)
<use Fig/TauS_PRL/desordre_2D.pdf>
Package pdftex.def Info: Fig/TauS_PRL/desordre_2D.pdf  used on input line 58.
(pdftex.def)             Requested size: 426.79135pt x 181.6642pt.
 [119 <./Fig/TauS_PRL/desordre_2D.pdf>]
<Fig/TauS_PRL/prediction_taus_born.pdf, id=15093, 307.61336pt x 174.78033pt>
File: Fig/TauS_PRL/prediction_taus_born.pdf Graphic file (type pdf)
<use Fig/TauS_PRL/prediction_taus_born.pdf>
Package pdftex.def Info: Fig/TauS_PRL/prediction_taus_born.pdf  used on input l
ine 104.
(pdftex.def)             Requested size: 307.6126pt x 174.77989pt.
 [120] [121 <./Fig/TauS_PRL/prediction_taus_born.pdf>] [122]
[123]
<Fig/TauS_PRL/extraction_taus.pdf, id=15282, 552.55775pt x 180.51674pt>
File: Fig/TauS_PRL/extraction_taus.pdf Graphic file (type pdf)
<use Fig/TauS_PRL/extraction_taus.pdf>
Package pdftex.def Info: Fig/TauS_PRL/extraction_taus.pdf  used on input line 1
57.
(pdftex.def)             Requested size: 426.79135pt x 139.4335pt.
 [124 <./Fig/TauS_PRL/extraction_taus.pdf>]
<Fig/TauS_PRL/donnees_taus_prl.pdf, id=15401, 539.3249pt x 260.84604pt>
File: Fig/TauS_PRL/donnees_taus_prl.pdf Graphic file (type pdf)
<use Fig/TauS_PRL/donnees_taus_prl.pdf>
Package pdftex.def Info: Fig/TauS_PRL/donnees_taus_prl.pdf  used on input line 
179.
(pdftex.def)             Requested size: 426.79135pt x 206.42033pt.
 [125 <./Fig/TauS_PRL/donnees_taus_prl.pdf>] [126]
<Fig/TauS_PRL/map_deviations_born.pdf, id=15464, 237.00209pt x 322.96284pt>
File: Fig/TauS_PRL/map_deviations_born.pdf Graphic file (type pdf)
<use Fig/TauS_PRL/map_deviations_born.pdf>
Package pdftex.def Info: Fig/TauS_PRL/map_deviations_born.pdf  used on input li
ne 218.
(pdftex.def)             Requested size: 405.45047pt x 552.50874pt.


LaTeX Warning: Float too large for page by 10.57846pt on input line 221.

[127] [128 <./Fig/TauS_PRL/map_deviations_born.pdf>] [129]
<Fig/TauS_PRL/depart_quadratique_taus.pdf, id=15556, 296.38025pt x 187.97522pt>

File: Fig/TauS_PRL/depart_quadratique_taus.pdf Graphic file (type pdf)
<use Fig/TauS_PRL/depart_quadratique_taus.pdf>
Package pdftex.def Info: Fig/TauS_PRL/depart_quadratique_taus.pdf  used on inpu
t line 256.
(pdftex.def)             Requested size: 298.75264pt x 189.48059pt.
)
(Chapters/TauS_NJP.tex [130 <./Fig/TauS_PRL/depart_quadratique_taus.pdf>]
Chapitre 7.

Underfull \vbox (badness 10000) has occurred while \output is active []

 [131

]
[132]
<Fig/TauS_NJP/illustration_fonction_spectrale_diffusion.pdf, id=15616, 414.8217
5pt x 133.86089pt>
File: Fig/TauS_NJP/illustration_fonction_spectrale_diffusion.pdf Graphic file (
type pdf)
<use Fig/TauS_NJP/illustration_fonction_spectrale_diffusion.pdf>
Package pdftex.def Info: Fig/TauS_NJP/illustration_fonction_spectrale_diffusion
.pdf  used on input line 81.
(pdftex.def)             Requested size: 426.79135pt x 137.72505pt.
 [133] [134 <./Fig/TauS_NJP/illustration_fonction_spectrale_diffusion.pdf>] [13
5]
<Fig/TauS_NJP/donnees_taus_ordre3.pdf, id=15674, 410.29305pt x 136.65945pt>
File: Fig/TauS_NJP/donnees_taus_ordre3.pdf Graphic file (type pdf)
<use Fig/TauS_NJP/donnees_taus_ordre3.pdf>
Package pdftex.def Info: Fig/TauS_NJP/donnees_taus_ordre3.pdf  used on input li
ne 152.
(pdftex.def)             Requested size: 426.79135pt x 142.15791pt.
 [136 <./Fig/TauS_NJP/donnees_taus_ordre3.pdf>] [137]
<Fig/TauS_NJP/SCBA_gauss.pdf, id=15704, 414.44727pt x 175.82883pt>
File: Fig/TauS_NJP/SCBA_gauss.pdf Graphic file (type pdf)
<use Fig/TauS_NJP/SCBA_gauss.pdf>
Package pdftex.def Info: Fig/TauS_NJP/SCBA_gauss.pdf  used on input line 188.
(pdftex.def)             Requested size: 426.79135pt x 181.06813pt.
 [138 <./Fig/TauS_NJP/SCBA_gauss.pdf>] [139]
<Fig/TauS_NJP/illustration_mesure_fonction_spectrale.pdf, id=15745, 237.30286pt
 x 166.42601pt>
File: Fig/TauS_NJP/illustration_mesure_fonction_spectrale.pdf Graphic file (typ
e pdf)
<use Fig/TauS_NJP/illustration_mesure_fonction_spectrale.pdf>
Package pdftex.def Info: Fig/TauS_NJP/illustration_mesure_fonction_spectrale.pd
f  used on input line 244.
(pdftex.def)             Requested size: 284.76198pt x 199.71019pt.
 [140] [141 <./Fig/TauS_NJP/illustration_mesure_fonction_spectrale.pdf>]
<Fig/TauS_NJP/fonctions_spectrales_rouge.pdf, id=15775, 514.48901pt x 243.04524
pt>
File: Fig/TauS_NJP/fonctions_spectrales_rouge.pdf Graphic file (type pdf)
<use Fig/TauS_NJP/fonctions_spectrales_rouge.pdf>
Package pdftex.def Info: Fig/TauS_NJP/fonctions_spectrales_rouge.pdf  used on i
nput line 294.
(pdftex.def)             Requested size: 426.79135pt x 201.62364pt.
<Fig/TauS_NJP/fonctions_spectrales_bleu.pdf, id=15778, 518.83864pt x 242.02167p
t>
File: Fig/TauS_NJP/fonctions_spectrales_bleu.pdf Graphic file (type pdf)
<use Fig/TauS_NJP/fonctions_spectrales_bleu.pdf>
Package pdftex.def Info: Fig/TauS_NJP/fonctions_spectrales_bleu.pdf  used on in
put line 299.
(pdftex.def)             Requested size: 426.79135pt x 199.09053pt.


LaTeX Warning: Float too large for page by 7.03667pt on input line 302.

[142] [143 <./Fig/TauS_NJP/fonctions_spectrales_rouge.pdf> <./Fig/TauS_NJP/fonc
tions_spectrales_bleu.pdf

pdfTeX warning: pdflatex (file ./Fig/TauS_NJP/fonctions_spectrales_bleu.pdf): P
DF inclusion: multiple pdfs with page group included in a single page
>]
<Fig/TauS_NJP/fonctions_spectrales_classiques.pdf, id=15817, 539.70927pt x 584.
4436pt>
File: Fig/TauS_NJP/fonctions_spectrales_classiques.pdf Graphic file (type pdf)
<use Fig/TauS_NJP/fonctions_spectrales_classiques.pdf>
Package pdftex.def Info: Fig/TauS_NJP/fonctions_spectrales_classiques.pdf  used
 on input line 329.
(pdftex.def)             Requested size: 426.79135pt x 462.17802pt.

Underfull \vbox (badness 6808) has occurred while \output is active []

 [144]
[145 <./Fig/TauS_NJP/fonctions_spectrales_classiques.pdf>] [146]
<Fig/TauS_NJP/comparaison_specfunc_taus_rouge.pdf, id=16648, 414.40862pt x 218.
79286pt>
File: Fig/TauS_NJP/comparaison_specfunc_taus_rouge.pdf Graphic file (type pdf)
<use Fig/TauS_NJP/comparaison_specfunc_taus_rouge.pdf>
Package pdftex.def Info: Fig/TauS_NJP/comparaison_specfunc_taus_rouge.pdf  used
 on input line 360.
(pdftex.def)             Requested size: 426.79135pt x 225.3291pt.
 [147 <./Fig/TauS_NJP/comparaison_specfunc_taus_rouge.pdf>]
<Fig/TauS_NJP/comparaison_specfunc_taus_bleu.pdf, id=16664, 414.34483pt x 215.8
9252pt>
File: Fig/TauS_NJP/comparaison_specfunc_taus_bleu.pdf Graphic file (type pdf)
<use Fig/TauS_NJP/comparaison_specfunc_taus_bleu.pdf>
Package pdftex.def Info: Fig/TauS_NJP/comparaison_specfunc_taus_bleu.pdf  used 
on input line 375.
(pdftex.def)             Requested size: 426.79135pt x 222.37506pt.

Underfull \vbox (badness 7012) has occurred while \output is active []

 [148 <./Fig/TauS_NJP/comparaison_specfunc_taus_bleu.pdf>]) (Chapters/Conclusio
n.tex
[149] [150

]
Chapitre 8.

Underfull \vbox (badness 10000) has occurred while \output is active []

 [151]
<Fig/Conclusion/spectro_transition_anderson.pdf, id=16709, 452.45566pt x 142.77
16pt>
File: Fig/Conclusion/spectro_transition_anderson.pdf Graphic file (type pdf)
<use Fig/Conclusion/spectro_transition_anderson.pdf>
Package pdftex.def Info: Fig/Conclusion/spectro_transition_anderson.pdf  used o
n input line 32.
(pdftex.def)             Requested size: 426.79135pt x 134.67804pt.

Underfull \vbox (badness 6944) has occurred while \output is active []

 [152 <./Fig/Conclusion/spectro_transition_anderson.pdf>] [153]
<Fig/Conclusion/cbs_cfs.pdf, id=16766, 481.9821pt x 297.50862pt>
File: Fig/Conclusion/cbs_cfs.pdf Graphic file (type pdf)
<use Fig/Conclusion/cbs_cfs.pdf>
Package pdftex.def Info: Fig/Conclusion/cbs_cfs.pdf  used on input line 74.
(pdftex.def)             Requested size: 426.79135pt x 263.44719pt.
 [154 <./Fig/Conclusion/cbs_cfs.pdf>] [155]
<Fig/Conclusion/landscape.pdf, id=18014, 453.53421pt x 158.82379pt>
File: Fig/Conclusion/landscape.pdf Graphic file (type pdf)
<use Fig/Conclusion/landscape.pdf>
Package pdftex.def Info: Fig/Conclusion/landscape.pdf  used on input line 131.
(pdftex.def)             Requested size: 426.79135pt x 149.45917pt.
 [156 <./Fig/Conclusion/landscape.pdf>])
(Appendices/Anex_speckle.tex [157] [158

]
Annexe A.
[159] [160] [161] [162]) (Appendices/Anex_Born.tex [163] [164]
Annexe B.
[165

]
Overfull \hbox (6.44913pt too wide) detected at line 60
[]
 []

[166] [167]
Underfull \vbox (badness 10000) has occurred while \output is active []

 [168]
Underfull \vbox (badness 2418) has occurred while \output is active []

 [169]
Overfull \hbox (1.41833pt too wide) detected at line 167
[]
 []

[170]) (main.bbl [171] [172

] [173] [174] [175]
LaTeX Font Info:    Trying to load font information for T1+lmtt on input line 3
27.

("C:\Users\lecou\AppData\Local\Programs\MiKTeX 2.9\tex/latex/lm\t1lmtt.fd"
File: t1lmtt.fd 2009/10/30 v1.6 Font defs for Latin Modern
)
Package microtype Info: Loading generic protrusion settings for font family
(microtype)             `lmtt' (encoding: T1).
(microtype)             For optimal results, create family-specific settings.
(microtype)             See the microtype manual for details.

[176] [177] [178] [179]) [180]
Package atveryend Info: Empty hook `BeforeClearDocument' on input line 136.
Package atveryend Info: Empty hook `AfterLastShipout' on input line 136.
 (main.aux)
Package atveryend Info: Executing hook `AtVeryEndDocument' on input line 136.
Package atveryend Info: Empty hook `AtEndAfterFileList' on input line 136.


LaTeX Warning: There were undefined references.

Package atveryend Info: Empty hook `AtVeryVeryEnd' on input line 136.
 ) 
Here is how much of TeX's memory you used:
 31900 strings out of 480934
 613816 string characters out of 2899917
 1022890 words of memory out of 3000000
 45718 multiletter control sequences out of 15000+200000
 728883 words of font info for 357 fonts, out of 3000000 for 9000
 1141 hyphenation exceptions out of 8191
 63i,19n,62p,1890b,1134s stack positions out of 5000i,500n,10000p,200000b,50000s
{C:/Users/lecou/AppData/Local/Programs/MiKTeX 2.9/fonts/enc/dvips/lm/lm-ec.en
c}{C:/Users/lecou/AppData/Local/Programs/MiKTeX 2.9/fonts/enc/dvips/lm/lm-mathi
t.enc}{C:/Users/lecou/AppData/Local/Programs/MiKTeX 2.9/fonts/enc/dvips/lm/lm-r
m.enc}{C:/Users/lecou/AppData/Local/Programs/MiKTeX 2.9/fonts/enc/dvips/lm/lm-m
athsy.enc}{C:/Users/lecou/AppData/Local/Programs/MiKTeX 2.9/fonts/enc/dvips/lm/
lm-ts1.enc}{C:/Users/lecou/AppData/Local/Programs/MiKTeX 2.9/fonts/enc/dvips/lm
/lm-mathex.enc}<C:/Users/lecou/AppData/Local/Programs/MiKTeX 2.9/fonts/type1/pu
blic/lm/lmbx10.pfb><C:/Users/lecou/AppData/Local/Programs/MiKTeX 2.9/fonts/type
1/public/lm/lmbx5.pfb><C:/Users/lecou/AppData/Local/Programs/MiKTeX 2.9/fonts/t
ype1/public/lm/lmbx6.pfb><C:/Users/lecou/AppData/Local/Programs/MiKTeX 2.9/font
s/type1/public/lm/lmbx7.pfb><C:/Users/lecou/AppData/Local/Programs/MiKTeX 2.9/f
onts/type1/public/lm/lmbx8.pfb><C:/Users/lecou/AppData/Local/Programs/MiKTeX 2.
9/fonts/type1/public/lm/lmbx9.pfb><C:/Users/lecou/AppData/Local/Programs/MiKTeX
 2.9/fonts/type1/public/lm/lmbxi10.pfb><C:/Users/lecou/AppData/Local/Programs/M
iKTeX 2.9/fonts/type1/public/lm/lmcsc10.pfb><C:/Users/lecou/AppData/Local/Progr
ams/MiKTeX 2.9/fonts/type1/public/lm/lmex10.pfb><C:/Users/lecou/AppData/Local/P
rograms/MiKTeX 2.9/fonts/type1/public/lm/lmmi10.pfb><C:/Users/lecou/AppData/Loc
al/Programs/MiKTeX 2.9/fonts/type1/public/lm/lmmi5.pfb><C:/Users/lecou/AppData/
Local/Programs/MiKTeX 2.9/fonts/type1/public/lm/lmmi6.pfb><C:/Users/lecou/AppDa
ta/Local/Programs/MiKTeX 2.9/fonts/type1/public/lm/lmmi7.pfb><C:/Users/lecou/Ap
pData/Local/Programs/MiKTeX 2.9/fonts/type1/public/lm/lmmi8.pfb><C:/Users/lecou
/AppData/Local/Programs/MiKTeX 2.9/fonts/type1/public/lm/lmmi9.pfb><C:/Users/le
cou/AppData/Local/Programs/MiKTeX 2.9/fonts/type1/public/lm/lmmib10.pfb><C:/Use
rs/lecou/AppData/Local/Programs/MiKTeX 2.9/fonts/type1/public/lm/lmr10.pfb><C:/
Users/lecou/AppData/Local/Programs/MiKTeX 2.9/fonts/type1/public/lm/lmr12.pfb><
C:/Users/lecou/AppData/Local/Programs/MiKTeX 2.9/fonts/type1/public/lm/lmr5.pfb
><C:/Users/lecou/AppData/Local/Programs/MiKTeX 2.9/fonts/type1/public/lm/lmr6.p
fb><C:/Users/lecou/AppData/Local/Programs/MiKTeX 2.9/fonts/type1/public/lm/lmr7
.pfb><C:/Users/lecou/AppData/Local/Programs/MiKTeX 2.9/fonts/type1/public/lm/lm
r8.pfb><C:/Users/lecou/AppData/Local/Programs/MiKTeX 2.9/fonts/type1/public/lm/
lmr9.pfb><C:/Users/lecou/AppData/Local/Programs/MiKTeX 2.9/fonts/type1/public/l
m/lmri10.pfb><C:/Users/lecou/AppData/Local/Programs/MiKTeX 2.9/fonts/type1/publ
ic/lm/lmri9.pfb><C:/Users/lecou/AppData/Local/Programs/MiKTeX 2.9/fonts/type1/p
ublic/lm/lmss10.pfb><C:/Users/lecou/AppData/Local/Programs/MiKTeX 2.9/fonts/typ
e1/public/lm/lmssbx10.pfb><C:/Users/lecou/AppData/Local/Programs/MiKTeX 2.9/fon
ts/type1/public/lm/lmsy10.pfb><C:/Users/lecou/AppData/Local/Programs/MiKTeX 2.9
/fonts/type1/public/lm/lmsy6.pfb><C:/Users/lecou/AppData/Local/Programs/MiKTeX 
2.9/fonts/type1/public/lm/lmsy7.pfb><C:/Users/lecou/AppData/Local/Programs/MiKT
eX 2.9/fonts/type1/public/lm/lmsy8.pfb><C:/Users/lecou/AppData/Local/Programs/M
iKTeX 2.9/fonts/type1/public/lm/lmsy9.pfb><C:/Users/lecou/AppData/Local/Program
s/MiKTeX 2.9/fonts/type1/public/lm/lmtt10.pfb><C:/Users/lecou/AppData/Local/Pro
grams/MiKTeX 2.9/fonts/type1/public/amsfonts/symbols/msam10.pfb><C:/Users/lecou
/AppData/Local/Programs/MiKTeX 2.9/fonts/type1/public/amsfonts/symbols/msbm10.p
fb>
Output written on main.pdf (180 pages, 21423719 bytes).
PDF statistics:
 18897 PDF objects out of 22161 (max. 8388607)
 874 named destinations out of 1000 (max. 500000)
 70370 words of extra memory for PDF output out of 74296 (max. 10000000)

